2019-05-16 00:38:52.118  INFO 5260 --- [  restartedMain] com.tirmizee.ApplicationInitializer      : Starting ApplicationInitializer on DESKTOP-HHFBQIT with PID 5260 (C:\Users\User\workspace\SpringBoot\target\classes started by User in C:\Users\User\workspace\SpringBoot)
2019-05-16 00:38:52.146  INFO 5260 --- [  restartedMain] com.tirmizee.ApplicationInitializer      : The following profiles are active: dev
2019-05-16 00:38:52.415  INFO 5260 --- [  restartedMain] ationConfigEmbeddedWebApplicationContext : Refreshing org.springframework.boot.context.embedded.AnnotationConfigEmbeddedWebApplicationContext@148da615: startup date [Thu May 16 00:38:52 ICT 2019]; root of context hierarchy
2019-05-16 00:38:58.114  INFO 5260 --- [  restartedMain] o.s.b.f.s.DefaultListableBeanFactory     : Overriding bean definition for bean 'httpRequestHandlerAdapter' with a different definition: replacing [Root bean: class [null]; scope=; abstract=false; lazyInit=false; autowireMode=3; dependencyCheck=0; autowireCandidate=true; primary=false; factoryBeanName=org.springframework.boot.autoconfigure.web.WebMvcAutoConfiguration$EnableWebMvcConfiguration; factoryMethodName=httpRequestHandlerAdapter; initMethodName=null; destroyMethodName=(inferred); defined in class path resource [org/springframework/boot/autoconfigure/web/WebMvcAutoConfiguration$EnableWebMvcConfiguration.class]] with [Root bean: class [null]; scope=; abstract=false; lazyInit=false; autowireMode=3; dependencyCheck=0; autowireCandidate=true; primary=false; factoryBeanName=org.springframework.data.rest.webmvc.config.RepositoryRestMvcConfiguration; factoryMethodName=httpRequestHandlerAdapter; initMethodName=null; destroyMethodName=(inferred); defined in class path resource [org/springframework/data/rest/webmvc/config/RepositoryRestMvcConfiguration.class]]
2019-05-16 00:38:58.231  INFO 5260 --- [  restartedMain] o.s.b.f.s.DefaultListableBeanFactory     : Overriding bean definition for bean 'managementServletContext' with a different definition: replacing [Root bean: class [null]; scope=; abstract=false; lazyInit=false; autowireMode=3; dependencyCheck=0; autowireCandidate=true; primary=false; factoryBeanName=org.springframework.boot.actuate.autoconfigure.EndpointWebMvcHypermediaManagementContextConfiguration; factoryMethodName=managementServletContext; initMethodName=null; destroyMethodName=(inferred); defined in class path resource [org/springframework/boot/actuate/autoconfigure/EndpointWebMvcHypermediaManagementContextConfiguration.class]] with [Root bean: class [null]; scope=; abstract=false; lazyInit=false; autowireMode=3; dependencyCheck=0; autowireCandidate=true; primary=false; factoryBeanName=org.springframework.boot.actuate.autoconfigure.EndpointWebMvcAutoConfiguration; factoryMethodName=managementServletContext; initMethodName=null; destroyMethodName=(inferred); defined in class path resource [org/springframework/boot/actuate/autoconfigure/EndpointWebMvcAutoConfiguration.class]]
2019-05-16 00:38:59.306  INFO 5260 --- [  restartedMain] trationDelegate$BeanPostProcessorChecker : Bean 'messageSourcesConfig' of type [com.tirmizee.core.configuration.MessageSourcesConfig$$EnhancerBySpringCGLIB$$5b01806f] is not eligible for getting processed by all BeanPostProcessors (for example: not eligible for auto-proxying)
2019-05-16 00:38:59.466  INFO 5260 --- [  restartedMain] trationDelegate$BeanPostProcessorChecker : Bean 'messageValidator' of type [org.springframework.validation.beanvalidation.LocalValidatorFactoryBean] is not eligible for getting processed by all BeanPostProcessors (for example: not eligible for auto-proxying)
2019-05-16 00:38:59.532  INFO 5260 --- [  restartedMain] trationDelegate$BeanPostProcessorChecker : Bean 'org.springframework.transaction.annotation.ProxyTransactionManagementConfiguration' of type [org.springframework.transaction.annotation.ProxyTransactionManagementConfiguration$$EnhancerBySpringCGLIB$$c2f3f3d0] is not eligible for getting processed by all BeanPostProcessors (for example: not eligible for auto-proxying)
2019-05-16 00:38:59.570  INFO 5260 --- [  restartedMain] trationDelegate$BeanPostProcessorChecker : Bean 'org.springframework.security.config.annotation.configuration.ObjectPostProcessorConfiguration' of type [org.springframework.security.config.annotation.configuration.ObjectPostProcessorConfiguration$$EnhancerBySpringCGLIB$$5ba1bc0a] is not eligible for getting processed by all BeanPostProcessors (for example: not eligible for auto-proxying)
2019-05-16 00:38:59.614  INFO 5260 --- [  restartedMain] trationDelegate$BeanPostProcessorChecker : Bean 'objectPostProcessor' of type [org.springframework.security.config.annotation.configuration.AutowireBeanFactoryObjectPostProcessor] is not eligible for getting processed by all BeanPostProcessors (for example: not eligible for auto-proxying)
2019-05-16 00:38:59.620  INFO 5260 --- [  restartedMain] trationDelegate$BeanPostProcessorChecker : Bean 'org.springframework.security.access.expression.method.DefaultMethodSecurityExpressionHandler@1aa3e359' of type [org.springframework.security.access.expression.method.DefaultMethodSecurityExpressionHandler] is not eligible for getting processed by all BeanPostProcessors (for example: not eligible for auto-proxying)
2019-05-16 00:38:59.639  INFO 5260 --- [  restartedMain] trationDelegate$BeanPostProcessorChecker : Bean 'org.springframework.security.config.annotation.method.configuration.GlobalMethodSecurityConfiguration' of type [org.springframework.security.config.annotation.method.configuration.GlobalMethodSecurityConfiguration$$EnhancerBySpringCGLIB$$80765ebc] is not eligible for getting processed by all BeanPostProcessors (for example: not eligible for auto-proxying)
2019-05-16 00:38:59.676  INFO 5260 --- [  restartedMain] trationDelegate$BeanPostProcessorChecker : Bean 'methodSecurityMetadataSource' of type [org.springframework.security.access.method.DelegatingMethodSecurityMetadataSource] is not eligible for getting processed by all BeanPostProcessors (for example: not eligible for auto-proxying)
2019-05-16 00:39:01.464  INFO 5260 --- [  restartedMain] s.b.c.e.t.TomcatEmbeddedServletContainer : Tomcat initialized with port(s): 8433 (https)
2019-05-16 00:39:01.567  INFO 5260 --- [  restartedMain] o.apache.catalina.core.StandardService   : Starting service Tomcat
2019-05-16 00:39:01.569  INFO 5260 --- [  restartedMain] org.apache.catalina.core.StandardEngine  : Starting Servlet Engine: Apache Tomcat/8.5.11
2019-05-16 00:39:02.032  INFO 5260 --- [ost-startStop-1] com.zaxxer.hikari.HikariDataSource       : HikariPool-1 - Started.
2019-05-16 00:39:04.187  INFO 5260 --- [ost-startStop-1] org.apache.jasper.servlet.TldScanner     : At least one JAR was scanned for TLDs yet contained no TLDs. Enable debug logging for this logger for a complete list of JARs that were scanned but no TLDs were found in them. Skipping unneeded JARs during scanning can improve startup time and JSP compilation time.
2019-05-16 00:39:04.221  INFO 5260 --- [ost-startStop-1] o.a.c.c.C.[.[localhost].[/tirmizee]      : Initializing Spring embedded WebApplicationContext
2019-05-16 00:39:04.222  INFO 5260 --- [ost-startStop-1] o.s.web.context.ContextLoader            : Root WebApplicationContext: initialization completed in 11807 ms
2019-05-16 00:39:06.380  INFO 5260 --- [ost-startStop-1] com.tirmizee.backend.dao.UserDaoImpl     : afterPropertiesSet
2019-05-16 00:39:06.427  INFO 5260 --- [ost-startStop-1] o.s.aop.framework.CglibAopProxy          : Unable to proxy method [public final java.lang.Object[] com.tirmizee.core.jdbcrepository.AbstractJdbcRepository.params(java.lang.Object[])] because it is final: All calls to this method via a proxy will NOT be routed to the target instance.
2019-05-16 00:39:06.522  INFO 5260 --- [ost-startStop-1] c.t.backend.dao.PermissionDaoImpl        : afterPropertiesSet
2019-05-16 00:39:06.539  INFO 5260 --- [ost-startStop-1] o.s.aop.framework.CglibAopProxy          : Unable to proxy method [public final java.lang.Object[] com.tirmizee.core.jdbcrepository.AbstractJdbcRepository.params(java.lang.Object[])] because it is final: All calls to this method via a proxy will NOT be routed to the target instance.
2019-05-16 00:39:06.616  INFO 5260 --- [ost-startStop-1] c.t.backend.dao.AppSettingDaoImpl        : afterPropertiesSet
2019-05-16 00:39:06.630  INFO 5260 --- [ost-startStop-1] o.s.aop.framework.CglibAopProxy          : Unable to proxy method [public final java.lang.Object[] com.tirmizee.core.jdbcrepository.AbstractJdbcRepository.params(java.lang.Object[])] because it is final: All calls to this method via a proxy will NOT be routed to the target instance.
2019-05-16 00:39:07.497  INFO 5260 --- [ost-startStop-1] o.s.b.w.servlet.FilterRegistrationBean   : Mapping filter: 'metricsFilter' to: [/*]
2019-05-16 00:39:07.498  INFO 5260 --- [ost-startStop-1] o.s.b.w.servlet.FilterRegistrationBean   : Mapping filter: 'characterEncodingFilter' to: [/*]
2019-05-16 00:39:07.498  INFO 5260 --- [ost-startStop-1] o.s.b.w.servlet.FilterRegistrationBean   : Mapping filter: 'hiddenHttpMethodFilter' to: [/*]
2019-05-16 00:39:07.499  INFO 5260 --- [ost-startStop-1] o.s.b.w.servlet.FilterRegistrationBean   : Mapping filter: 'httpPutFormContentFilter' to: [/*]
2019-05-16 00:39:07.499  INFO 5260 --- [ost-startStop-1] o.s.b.w.servlet.FilterRegistrationBean   : Mapping filter: 'requestContextFilter' to: [/*]
2019-05-16 00:39:07.501  INFO 5260 --- [ost-startStop-1] .s.DelegatingFilterProxyRegistrationBean : Mapping filter: 'springSecurityFilterChain' to: [/*]
2019-05-16 00:39:07.502  INFO 5260 --- [ost-startStop-1] o.s.b.w.servlet.FilterRegistrationBean   : Mapping filter: 'webRequestLoggingFilter' to: [/*]
2019-05-16 00:39:07.502  INFO 5260 --- [ost-startStop-1] o.s.b.w.servlet.FilterRegistrationBean   : Mapping filter: 'logFilter' to: [/*]
2019-05-16 00:39:07.503  INFO 5260 --- [ost-startStop-1] o.s.b.w.servlet.FilterRegistrationBean   : Mapping filter: 'concurrentSessionFilter' to: [/*]
2019-05-16 00:39:07.503  INFO 5260 --- [ost-startStop-1] o.s.b.w.servlet.FilterRegistrationBean   : Mapping filter: 'applicationContextIdFilter' to: [/*]
2019-05-16 00:39:07.503  INFO 5260 --- [ost-startStop-1] o.s.b.w.servlet.FilterRegistrationBean   : Mapping filter: 'resourceUrlEncodingFilter' to: [/*]
2019-05-16 00:39:07.504  INFO 5260 --- [ost-startStop-1] o.s.b.w.servlet.ServletRegistrationBean  : Mapping servlet: 'dispatcherServlet' to [/]
2019-05-16 00:39:07.677  INFO 5260 --- [  restartedMain] org.dozer.config.GlobalSettings          : Trying to find Dozer configuration file: dozer.properties
2019-05-16 00:39:07.688  WARN 5260 --- [  restartedMain] org.dozer.config.GlobalSettings          : Dozer configuration file not found: dozer.properties.  Using defaults for all Dozer global properties.
2019-05-16 00:39:07.693  INFO 5260 --- [  restartedMain] org.dozer.DozerInitializer               : Initializing Dozer. Version: 5.5.0, Thread Name: restartedMain
2019-05-16 00:39:07.709  INFO 5260 --- [  restartedMain] org.dozer.jmx.JMXPlatformImpl            : Dozer JMX MBean [org.dozer.jmx:type=DozerStatisticsController] auto registered with the Platform MBean Server
2019-05-16 00:39:07.711  INFO 5260 --- [  restartedMain] org.dozer.jmx.JMXPlatformImpl            : Dozer JMX MBean [org.dozer.jmx:type=DozerAdminController] auto registered with the Platform MBean Server
2019-05-16 00:39:07.712  INFO 5260 --- [  restartedMain] org.dozer.DozerBeanMapper                : Initializing a new instance of dozer bean mapper.
2019-05-16 00:39:07.770  INFO 5260 --- [  restartedMain] c.tirmizee.backend.dao.ProvinceDaoImpl   : afterPropertiesSet
2019-05-16 00:39:07.780  INFO 5260 --- [  restartedMain] o.s.aop.framework.CglibAopProxy          : Unable to proxy method [public final java.lang.Object[] com.tirmizee.core.jdbcrepository.AbstractJdbcRepository.params(java.lang.Object[])] because it is final: All calls to this method via a proxy will NOT be routed to the target instance.
2019-05-16 00:39:07.813  INFO 5260 --- [  restartedMain] c.tirmizee.backend.dao.DistrictDaoImpl   : afterPropertiesSet
2019-05-16 00:39:07.822  INFO 5260 --- [  restartedMain] o.s.aop.framework.CglibAopProxy          : Unable to proxy method [public final java.lang.Object[] com.tirmizee.core.jdbcrepository.AbstractJdbcRepository.params(java.lang.Object[])] because it is final: All calls to this method via a proxy will NOT be routed to the target instance.
2019-05-16 00:39:07.871  INFO 5260 --- [  restartedMain] c.t.backend.dao.SubDistrictDaoImpl       : afterPropertiesSet
2019-05-16 00:39:07.888  INFO 5260 --- [  restartedMain] o.s.aop.framework.CglibAopProxy          : Unable to proxy method [public final java.lang.Object[] com.tirmizee.core.jdbcrepository.AbstractJdbcRepository.params(java.lang.Object[])] because it is final: All calls to this method via a proxy will NOT be routed to the target instance.
2019-05-16 00:39:08.118  INFO 5260 --- [  restartedMain] c.tirmizee.backend.dao.GeographyDaoImpl  : afterPropertiesSet
2019-05-16 00:39:08.126  INFO 5260 --- [  restartedMain] o.s.aop.framework.CglibAopProxy          : Unable to proxy method [public final java.lang.Object[] com.tirmizee.core.jdbcrepository.AbstractJdbcRepository.params(java.lang.Object[])] because it is final: All calls to this method via a proxy will NOT be routed to the target instance.
2019-05-16 00:39:08.197  INFO 5260 --- [  restartedMain] com.tirmizee.backend.dao.RoleDaoImpl     : afterPropertiesSet
2019-05-16 00:39:08.206  INFO 5260 --- [  restartedMain] o.s.aop.framework.CglibAopProxy          : Unable to proxy method [public final java.lang.Object[] com.tirmizee.core.jdbcrepository.AbstractJdbcRepository.params(java.lang.Object[])] because it is final: All calls to this method via a proxy will NOT be routed to the target instance.
2019-05-16 00:39:08.255  INFO 5260 --- [  restartedMain] c.t.b.dao.RoleMapPermissionDaoImpl       : afterPropertiesSet
2019-05-16 00:39:08.269  INFO 5260 --- [  restartedMain] o.s.aop.framework.CglibAopProxy          : Unable to proxy method [public final java.lang.Object[] com.tirmizee.core.jdbcrepository.AbstractJdbcRepository.params(java.lang.Object[])] because it is final: All calls to this method via a proxy will NOT be routed to the target instance.
2019-05-16 00:39:08.472  INFO 5260 --- [  restartedMain] o.s.s.concurrent.ThreadPoolTaskExecutor  : Initializing ExecutorService  'taskExecutor'
2019-05-16 00:39:08.504  INFO 5260 --- [  restartedMain] c.t.backend.dao.LogPasswordDaoImpl       : afterPropertiesSet
2019-05-16 00:39:08.513  INFO 5260 --- [  restartedMain] o.s.aop.framework.CglibAopProxy          : Unable to proxy method [public final java.lang.Object[] com.tirmizee.core.jdbcrepository.AbstractJdbcRepository.params(java.lang.Object[])] because it is final: All calls to this method via a proxy will NOT be routed to the target instance.
2019-05-16 00:39:08.544  INFO 5260 --- [  restartedMain] com.tirmizee.backend.dao.ProfileDaoImpl  : afterPropertiesSet
2019-05-16 00:39:08.559  INFO 5260 --- [  restartedMain] o.s.aop.framework.CglibAopProxy          : Unable to proxy method [public final java.lang.Object[] com.tirmizee.core.jdbcrepository.AbstractJdbcRepository.params(java.lang.Object[])] because it is final: All calls to this method via a proxy will NOT be routed to the target instance.
2019-05-16 00:39:08.605  INFO 5260 --- [  restartedMain] c.t.backend.dao.ForgotPasswordDaoImpl    : afterPropertiesSet
2019-05-16 00:39:08.618  INFO 5260 --- [  restartedMain] o.s.aop.framework.CglibAopProxy          : Unable to proxy method [public final java.lang.Object[] com.tirmizee.core.jdbcrepository.AbstractJdbcRepository.params(java.lang.Object[])] because it is final: All calls to this method via a proxy will NOT be routed to the target instance.
2019-05-16 00:39:08.905  INFO 5260 --- [  restartedMain] o.s.w.s.v.f.FreeMarkerConfigurer         : ClassTemplateLoader for Spring macros added to FreeMarker configuration
2019-05-16 00:39:09.111  INFO 5260 --- [  restartedMain] c.t.backend.dao.UserAttempDaoImpl        : afterPropertiesSet
2019-05-16 00:39:09.120  INFO 5260 --- [  restartedMain] o.s.aop.framework.CglibAopProxy          : Unable to proxy method [public final java.lang.Object[] com.tirmizee.core.jdbcrepository.AbstractJdbcRepository.params(java.lang.Object[])] because it is final: All calls to this method via a proxy will NOT be routed to the target instance.
2019-05-16 00:39:09.169  INFO 5260 --- [  restartedMain] com.tirmizee.backend.dao.VillageDaoImpl  : afterPropertiesSet
2019-05-16 00:39:09.178  INFO 5260 --- [  restartedMain] o.s.aop.framework.CglibAopProxy          : Unable to proxy method [public final java.lang.Object[] com.tirmizee.core.jdbcrepository.AbstractJdbcRepository.params(java.lang.Object[])] because it is final: All calls to this method via a proxy will NOT be routed to the target instance.
2019-05-16 00:39:09.275  INFO 5260 --- [  restartedMain] c.t.c.r.AppSettingRepositoryImpl         : afterPropertiesSet
2019-05-16 00:39:09.293  INFO 5260 --- [  restartedMain] o.s.aop.framework.CglibAopProxy          : Unable to proxy method [public final java.lang.Object[] com.tirmizee.core.jdbcrepository.AbstractJdbcRepository.params(java.lang.Object[])] because it is final: All calls to this method via a proxy will NOT be routed to the target instance.
2019-05-16 00:39:09.323  INFO 5260 --- [  restartedMain] c.t.c.repository.DistrictRepositoryImpl  : afterPropertiesSet
2019-05-16 00:39:09.330  INFO 5260 --- [  restartedMain] o.s.aop.framework.CglibAopProxy          : Unable to proxy method [public final java.lang.Object[] com.tirmizee.core.jdbcrepository.AbstractJdbcRepository.params(java.lang.Object[])] because it is final: All calls to this method via a proxy will NOT be routed to the target instance.
2019-05-16 00:39:09.362  INFO 5260 --- [  restartedMain] c.t.c.r.ForgotPasswordRepositoryImpl     : afterPropertiesSet
2019-05-16 00:39:09.380  INFO 5260 --- [  restartedMain] o.s.aop.framework.CglibAopProxy          : Unable to proxy method [public final java.lang.Object[] com.tirmizee.core.jdbcrepository.AbstractJdbcRepository.params(java.lang.Object[])] because it is final: All calls to this method via a proxy will NOT be routed to the target instance.
2019-05-16 00:39:09.397  INFO 5260 --- [  restartedMain] c.t.c.r.GeographyRepositoryImpl          : afterPropertiesSet
2019-05-16 00:39:09.403  INFO 5260 --- [  restartedMain] o.s.aop.framework.CglibAopProxy          : Unable to proxy method [public final java.lang.Object[] com.tirmizee.core.jdbcrepository.AbstractJdbcRepository.params(java.lang.Object[])] because it is final: All calls to this method via a proxy will NOT be routed to the target instance.
2019-05-16 00:39:09.422  INFO 5260 --- [  restartedMain] c.t.c.r.LogPasswordRepositoryImpl        : afterPropertiesSet
2019-05-16 00:39:09.432  INFO 5260 --- [  restartedMain] o.s.aop.framework.CglibAopProxy          : Unable to proxy method [public final java.lang.Object[] com.tirmizee.core.jdbcrepository.AbstractJdbcRepository.params(java.lang.Object[])] because it is final: All calls to this method via a proxy will NOT be routed to the target instance.
2019-05-16 00:39:09.455  INFO 5260 --- [  restartedMain] c.t.c.r.PermissionRepositoryImpl         : afterPropertiesSet
2019-05-16 00:39:09.467  INFO 5260 --- [  restartedMain] o.s.aop.framework.CglibAopProxy          : Unable to proxy method [public final java.lang.Object[] com.tirmizee.core.jdbcrepository.AbstractJdbcRepository.params(java.lang.Object[])] because it is final: All calls to this method via a proxy will NOT be routed to the target instance.
2019-05-16 00:39:09.515  INFO 5260 --- [  restartedMain] c.t.c.repository.PostCodeRepositoryImpl  : afterPropertiesSet
2019-05-16 00:39:09.526  INFO 5260 --- [  restartedMain] o.s.aop.framework.CglibAopProxy          : Unable to proxy method [public final java.lang.Object[] com.tirmizee.core.jdbcrepository.AbstractJdbcRepository.params(java.lang.Object[])] because it is final: All calls to this method via a proxy will NOT be routed to the target instance.
2019-05-16 00:39:09.549  INFO 5260 --- [  restartedMain] c.t.c.repository.ProfileRepositoryImpl   : afterPropertiesSet
2019-05-16 00:39:09.564  INFO 5260 --- [  restartedMain] o.s.aop.framework.CglibAopProxy          : Unable to proxy method [public final java.lang.Object[] com.tirmizee.core.jdbcrepository.AbstractJdbcRepository.params(java.lang.Object[])] because it is final: All calls to this method via a proxy will NOT be routed to the target instance.
2019-05-16 00:39:09.593  INFO 5260 --- [  restartedMain] c.t.c.repository.ProvinceRepositoryImpl  : afterPropertiesSet
2019-05-16 00:39:09.603  INFO 5260 --- [  restartedMain] o.s.aop.framework.CglibAopProxy          : Unable to proxy method [public final java.lang.Object[] com.tirmizee.core.jdbcrepository.AbstractJdbcRepository.params(java.lang.Object[])] because it is final: All calls to this method via a proxy will NOT be routed to the target instance.
2019-05-16 00:39:09.621  INFO 5260 --- [  restartedMain] c.t.c.r.RoleMapPermissionRepositoryImpl  : afterPropertiesSet
2019-05-16 00:39:09.627  INFO 5260 --- [  restartedMain] o.s.aop.framework.CglibAopProxy          : Unable to proxy method [public final java.lang.Object[] com.tirmizee.core.jdbcrepository.AbstractJdbcRepository.params(java.lang.Object[])] because it is final: All calls to this method via a proxy will NOT be routed to the target instance.
2019-05-16 00:39:09.654  INFO 5260 --- [  restartedMain] c.t.core.repository.RoleRepositoryImpl   : afterPropertiesSet
2019-05-16 00:39:09.667  INFO 5260 --- [  restartedMain] o.s.aop.framework.CglibAopProxy          : Unable to proxy method [public final java.lang.Object[] com.tirmizee.core.jdbcrepository.AbstractJdbcRepository.params(java.lang.Object[])] because it is final: All calls to this method via a proxy will NOT be routed to the target instance.
2019-05-16 00:39:09.684  INFO 5260 --- [  restartedMain] c.t.c.r.SubDistrictRepositoryImpl        : afterPropertiesSet
2019-05-16 00:39:09.696  INFO 5260 --- [  restartedMain] o.s.aop.framework.CglibAopProxy          : Unable to proxy method [public final java.lang.Object[] com.tirmizee.core.jdbcrepository.AbstractJdbcRepository.params(java.lang.Object[])] because it is final: All calls to this method via a proxy will NOT be routed to the target instance.
2019-05-16 00:39:09.748  INFO 5260 --- [  restartedMain] c.t.c.r.UserAttempRepositoryImpl         : afterPropertiesSet
2019-05-16 00:39:09.758  INFO 5260 --- [  restartedMain] o.s.aop.framework.CglibAopProxy          : Unable to proxy method [public final java.lang.Object[] com.tirmizee.core.jdbcrepository.AbstractJdbcRepository.params(java.lang.Object[])] because it is final: All calls to this method via a proxy will NOT be routed to the target instance.
2019-05-16 00:39:09.776  INFO 5260 --- [  restartedMain] c.t.core.repository.UserRepositoryImpl   : afterPropertiesSet
2019-05-16 00:39:09.783  INFO 5260 --- [  restartedMain] o.s.aop.framework.CglibAopProxy          : Unable to proxy method [public final java.lang.Object[] com.tirmizee.core.jdbcrepository.AbstractJdbcRepository.params(java.lang.Object[])] because it is final: All calls to this method via a proxy will NOT be routed to the target instance.
2019-05-16 00:39:09.803  INFO 5260 --- [  restartedMain] c.t.c.repository.VillageRepositoryImpl   : afterPropertiesSet
2019-05-16 00:39:09.814  INFO 5260 --- [  restartedMain] o.s.aop.framework.CglibAopProxy          : Unable to proxy method [public final java.lang.Object[] com.tirmizee.core.jdbcrepository.AbstractJdbcRepository.params(java.lang.Object[])] because it is final: All calls to this method via a proxy will NOT be routed to the target instance.
2019-05-16 00:39:09.980  INFO 5260 --- [  restartedMain] o.s.s.concurrent.ThreadPoolTaskExecutor  : Initializing ExecutorService  'clientInboundChannelExecutor'
2019-05-16 00:39:10.027  INFO 5260 --- [  restartedMain] o.s.s.concurrent.ThreadPoolTaskExecutor  : Initializing ExecutorService  'clientOutboundChannelExecutor'
2019-05-16 00:39:10.825  INFO 5260 --- [  restartedMain] s.w.s.m.m.a.RequestMappingHandlerMapping : Mapped "{[/api/address/province],methods=[POST]}" onto public org.springframework.data.domain.Page<com.tirmizee.backend.api.address.data.ProvinceDTO> com.tirmizee.backend.api.address.AddressApiController.findByTerm(com.tirmizee.backend.api.address.data.SearchProvinceDTO)
2019-05-16 00:39:10.827  INFO 5260 --- [  restartedMain] s.w.s.m.m.a.RequestMappingHandlerMapping : Mapped "{[/api/address/district],methods=[POST]}" onto public org.springframework.data.domain.Page<com.tirmizee.backend.api.address.data.DistrictDTO> com.tirmizee.backend.api.address.AddressApiController.findByTerm(com.tirmizee.backend.api.address.data.SearchDistrictDTO)
2019-05-16 00:39:10.827  INFO 5260 --- [  restartedMain] s.w.s.m.m.a.RequestMappingHandlerMapping : Mapped "{[/api/address/subdistrict],methods=[POST]}" onto public org.springframework.data.domain.Page<com.tirmizee.backend.api.address.data.SubDistrictDTO> com.tirmizee.backend.api.address.AddressApiController.findByTerm(com.tirmizee.backend.api.address.data.SearchSubDistrictDTO)
2019-05-16 00:39:10.830  INFO 5260 --- [  restartedMain] s.w.s.m.m.a.RequestMappingHandlerMapping : Mapped "{[/api/file/excel/pre],methods=[POST],consumes=[multipart/form-data]}" onto public java.util.List<com.tirmizee.backend.api.file.data.MockDataDTO> com.tirmizee.backend.api.file.ApiFileController.uploadExcel(com.tirmizee.backend.api.file.data.UploadExcelDTO)
2019-05-16 00:39:10.833  INFO 5260 --- [  restartedMain] s.w.s.m.m.a.RequestMappingHandlerMapping : Mapped "{[/api/geography/countprovince],methods=[GET]}" onto public java.util.List<com.tirmizee.backend.api.geography.data.CountProvincesDTO> com.tirmizee.backend.api.geography.GeographyApiController.countProvinceByGeography()
2019-05-16 00:39:10.835  INFO 5260 --- [  restartedMain] s.w.s.m.m.a.RequestMappingHandlerMapping : Mapped "{[/api/log/all],methods=[GET]}" onto public java.util.Map<java.lang.String, java.lang.Object> com.tirmizee.backend.api.log.LogFileApiController.allLogs()
2019-05-16 00:39:10.836  INFO 5260 --- [  restartedMain] s.w.s.m.m.a.RequestMappingHandlerMapping : Mapped "{[/api/log/{date}],methods=[GET]}" onto public java.util.List<java.lang.String> com.tirmizee.backend.api.log.LogFileApiController.readData(java.lang.String) throws java.io.IOException
2019-05-16 00:39:10.839  INFO 5260 --- [  restartedMain] s.w.s.m.m.a.RequestMappingHandlerMapping : Mapped "{[/api/permission/{roleId}],methods=[GET]}" onto public java.util.Map<java.lang.String, java.lang.Object> com.tirmizee.backend.api.permission.PermissionApiController.allLogs(java.lang.Integer)
2019-05-16 00:39:10.839  INFO 5260 --- [  restartedMain] s.w.s.m.m.a.RequestMappingHandlerMapping : Mapped "{[/api/permission/page],methods=[POST]}" onto public com.tirmizee.core.datatable.ResponseTable<com.tirmizee.backend.api.permission.data.PermissionPageDTO> com.tirmizee.backend.api.permission.PermissionApiController.page(com.tirmizee.core.datatable.RequestTable<com.tirmizee.backend.api.permission.data.PermissionCriteriaDTO>)
2019-05-16 00:39:10.842  INFO 5260 --- [  restartedMain] s.w.s.m.m.a.RequestMappingHandlerMapping : Mapped "{[/api/role/get/{roleId}],methods=[GET]}" onto public org.springframework.web.context.request.async.DeferredResult<com.tirmizee.backend.api.role.data.RoleDTO> com.tirmizee.backend.api.role.ApiRoleController.get(java.lang.Integer)
2019-05-16 00:39:10.843  INFO 5260 --- [  restartedMain] s.w.s.m.m.a.RequestMappingHandlerMapping : Mapped "{[/api/role/update],methods=[POST]}" onto public com.tirmizee.backend.web.data.MessageSuccess com.tirmizee.backend.api.role.ApiRoleController.updateRole(com.tirmizee.backend.api.role.data.ReqUpdateRoleDTO)
2019-05-16 00:39:10.843  INFO 5260 --- [  restartedMain] s.w.s.m.m.a.RequestMappingHandlerMapping : Mapped "{[/api/role/find/page],methods=[POST]}" onto public org.springframework.web.context.request.async.DeferredResult<com.tirmizee.core.datatable.ResponseTable<com.tirmizee.backend.api.role.data.RoleDTO>> com.tirmizee.backend.api.role.ApiRoleController.findPage(com.tirmizee.core.datatable.RequestTable<com.tirmizee.backend.api.role.data.SearchRoleDTO>)
2019-05-16 00:39:10.844  INFO 5260 --- [  restartedMain] s.w.s.m.m.a.RequestMappingHandlerMapping : Mapped "{[/api/role/page],methods=[POST]}" onto public org.springframework.web.context.request.async.DeferredResult<org.springframework.data.domain.Page<com.tirmizee.backend.api.role.data.RoleDTO>> com.tirmizee.backend.api.role.ApiRoleController.page(com.tirmizee.backend.api.role.data.SearchTermDTO)
2019-05-16 00:39:10.848  INFO 5260 --- [  restartedMain] s.w.s.m.m.a.RequestMappingHandlerMapping : Mapped "{[/api/session/removesession/{username}/{sessionId}],methods=[GET]}" onto public com.tirmizee.backend.web.data.MessageSuccess com.tirmizee.backend.api.session.ApiSessionController.removeSession(java.lang.String,java.lang.String)
2019-05-16 00:39:10.849  INFO 5260 --- [  restartedMain] s.w.s.m.m.a.RequestMappingHandlerMapping : Mapped "{[/api/session/countuserlogged],methods=[GET]}" onto public java.lang.Integer com.tirmizee.backend.api.session.ApiSessionController.countUserLogged()
2019-05-16 00:39:10.849  INFO 5260 --- [  restartedMain] s.w.s.m.m.a.RequestMappingHandlerMapping : Mapped "{[/api/session/alluserlogged],methods=[POST]}" onto public org.springframework.web.context.request.async.DeferredResult<com.tirmizee.backend.api.session.data.ResponseUserLoggedDTO> com.tirmizee.backend.api.session.ApiSessionController.allUserLogged()
2019-05-16 00:39:10.850  INFO 5260 --- [  restartedMain] s.w.s.m.m.a.RequestMappingHandlerMapping : Mapped "{[/api/session/countsessionexpired],methods=[GET]}" onto public java.lang.Integer com.tirmizee.backend.api.session.ApiSessionController.countSessionExpired()
2019-05-16 00:39:10.850  INFO 5260 --- [  restartedMain] s.w.s.m.m.a.RequestMappingHandlerMapping : Mapped "{[/api/session/countsessionactive],methods=[GET]}" onto public java.lang.Integer com.tirmizee.backend.api.session.ApiSessionController.countSessionActive()
2019-05-16 00:39:10.862  INFO 5260 --- [  restartedMain] s.w.s.m.m.a.RequestMappingHandlerMapping : Mapped "{[/api/user/count],methods=[GET]}" onto public org.springframework.web.context.request.async.DeferredResult<java.lang.Long> com.tirmizee.backend.api.user.ApiUserController.count()
2019-05-16 00:39:10.862  INFO 5260 --- [  restartedMain] s.w.s.m.m.a.RequestMappingHandlerMapping : Mapped "{[/api/user/password/reset],methods=[POST]}" onto public com.tirmizee.backend.web.data.MessageSuccess com.tirmizee.backend.api.user.ApiUserController.resetPassword(com.tirmizee.backend.api.user.data.ReqPasswordResetTokenDTO)
2019-05-16 00:39:10.863  INFO 5260 --- [  restartedMain] s.w.s.m.m.a.RequestMappingHandlerMapping : Mapped "{[/api/user/update/firstlogin],methods=[POST]}" onto public com.tirmizee.backend.web.data.MessageSuccess com.tirmizee.backend.api.user.ApiUserController.updateFirstLogin(com.tirmizee.backend.api.user.data.ReqUpdateStatusDTO)
2019-05-16 00:39:10.864  INFO 5260 --- [  restartedMain] s.w.s.m.m.a.RequestMappingHandlerMapping : Mapped "{[/api/user/get/{userId}],methods=[GET]}" onto public com.tirmizee.backend.api.user.data.UserDetailUpdateDTO com.tirmizee.backend.api.user.ApiUserController.getUser(java.lang.Long)
2019-05-16 00:39:10.865  INFO 5260 --- [  restartedMain] s.w.s.m.m.a.RequestMappingHandlerMapping : Mapped "{[/api/user/page],methods=[POST]}" onto public org.springframework.web.context.request.async.DeferredResult<com.tirmizee.core.datatable.ResponseTable<com.tirmizee.backend.api.user.data.UserDetailPageDTO>> com.tirmizee.backend.api.user.ApiUserController.pageDataTable(com.tirmizee.core.datatable.RequestTable<com.tirmizee.backend.api.user.data.UserDetailCriteriaDTO>)
2019-05-16 00:39:10.865  INFO 5260 --- [  restartedMain] s.w.s.m.m.a.RequestMappingHandlerMapping : Mapped "{[/api/user/update/enabled],methods=[POST]}" onto public com.tirmizee.backend.web.data.MessageSuccess com.tirmizee.backend.api.user.ApiUserController.updateEnabled(com.tirmizee.backend.api.user.data.ReqUpdateStatusDTO)
2019-05-16 00:39:10.865  INFO 5260 --- [  restartedMain] s.w.s.m.m.a.RequestMappingHandlerMapping : Mapped "{[/api/user/update],methods=[POST]}" onto public com.tirmizee.backend.web.data.MessageSuccess com.tirmizee.backend.api.user.ApiUserController.updateUser(com.tirmizee.backend.api.user.data.UserDetailUpdateDTO)
2019-05-16 00:39:10.866  INFO 5260 --- [  restartedMain] s.w.s.m.m.a.RequestMappingHandlerMapping : Mapped "{[/api/user/password/forgot],methods=[POST]}" onto public com.tirmizee.backend.web.data.MessageSuccess com.tirmizee.backend.api.user.ApiUserController.forgotPassword(com.tirmizee.backend.api.user.data.ReqForgotPasswordDTO)
2019-05-16 00:39:10.866  INFO 5260 --- [  restartedMain] s.w.s.m.m.a.RequestMappingHandlerMapping : Mapped "{[/api/user/update/passwordexpired],methods=[POST]}" onto public com.tirmizee.backend.web.data.MessageSuccess com.tirmizee.backend.api.user.ApiUserController.updatePasswordExpired(com.tirmizee.backend.api.user.data.ReqUpdateStatusDTO)
2019-05-16 00:39:10.866  INFO 5260 --- [  restartedMain] s.w.s.m.m.a.RequestMappingHandlerMapping : Mapped "{[/api/user/password/expried],methods=[POST]}" onto public com.tirmizee.backend.web.data.MessageSuccess com.tirmizee.backend.api.user.ApiUserController.changePasswordExpried(com.tirmizee.backend.api.user.data.ReqPasswordExpriedDTO)
2019-05-16 00:39:10.867  INFO 5260 --- [  restartedMain] s.w.s.m.m.a.RequestMappingHandlerMapping : Mapped "{[/api/user/password/firstlogin],methods=[POST]}" onto public com.tirmizee.backend.web.data.MessageSuccess com.tirmizee.backend.api.user.ApiUserController.changePasswordFirstLogin(com.tirmizee.backend.api.user.data.ReqPasswordDTO)
2019-05-16 00:39:10.867  INFO 5260 --- [  restartedMain] s.w.s.m.m.a.RequestMappingHandlerMapping : Mapped "{[/api/user/update/accountnonexpired],methods=[POST]}" onto public com.tirmizee.backend.web.data.MessageSuccess com.tirmizee.backend.api.user.ApiUserController.updateAccountExpired(com.tirmizee.backend.api.user.data.ReqUpdateStatusDTO)
2019-05-16 00:39:10.867  INFO 5260 --- [  restartedMain] s.w.s.m.m.a.RequestMappingHandlerMapping : Mapped "{[/api/user/update/accountnonlocked],methods=[POST]}" onto public com.tirmizee.backend.web.data.MessageSuccess com.tirmizee.backend.api.user.ApiUserController.updateAccountNonLocked(com.tirmizee.backend.api.user.data.ReqUpdateStatusDTO)
2019-05-16 00:39:10.868  INFO 5260 --- [  restartedMain] s.w.s.m.m.a.RequestMappingHandlerMapping : Mapped "{[/api/village/findByTerm],methods=[POST]}" onto public org.springframework.data.domain.Page<com.tirmizee.backend.api.village.data.VillageDTO> com.tirmizee.backend.api.village.ApiVillageController.findVillage(com.tirmizee.backend.api.village.data.SearchVillageDTO)
2019-05-16 00:39:10.886  INFO 5260 --- [  restartedMain] s.w.s.m.m.a.RequestMappingHandlerMapping : Mapped "{[/main],methods=[GET]}" onto public java.lang.String com.tirmizee.backend.web.WebController.main(org.springframework.ui.ModelMap)
2019-05-16 00:39:10.887  INFO 5260 --- [  restartedMain] s.w.s.m.m.a.RequestMappingHandlerMapping : Mapped "{[/log],methods=[GET]}" onto public java.lang.String com.tirmizee.backend.web.WebController.log(org.springframework.ui.ModelMap)
2019-05-16 00:39:10.887  INFO 5260 --- [  restartedMain] s.w.s.m.m.a.RequestMappingHandlerMapping : Mapped "{[/file],methods=[GET]}" onto public java.lang.String com.tirmizee.backend.web.WebController.file(org.springframework.ui.ModelMap)
2019-05-16 00:39:10.887  INFO 5260 --- [  restartedMain] s.w.s.m.m.a.RequestMappingHandlerMapping : Mapped "{[/report],methods=[GET]}" onto public java.lang.String com.tirmizee.backend.web.WebController.report(org.springframework.ui.ModelMap)
2019-05-16 00:39:10.887  INFO 5260 --- [  restartedMain] s.w.s.m.m.a.RequestMappingHandlerMapping : Mapped "{[/resetpassword/{uid}/{token}],methods=[GET]}" onto public java.lang.String com.tirmizee.backend.web.WebController.resetPassword(java.lang.Long,java.lang.String,org.springframework.ui.ModelMap)
2019-05-16 00:39:10.888  INFO 5260 --- [  restartedMain] s.w.s.m.m.a.RequestMappingHandlerMapping : Mapped "{[/forgotpassword],methods=[GET]}" onto public java.lang.String com.tirmizee.backend.web.WebController.forgotPassword(org.springframework.ui.ModelMap)
2019-05-16 00:39:10.888  INFO 5260 --- [  restartedMain] s.w.s.m.m.a.RequestMappingHandlerMapping : Mapped "{[/firstlogin],methods=[GET]}" onto public java.lang.String com.tirmizee.backend.web.WebController.firstLogin(org.springframework.ui.ModelMap)
2019-05-16 00:39:10.888  INFO 5260 --- [  restartedMain] s.w.s.m.m.a.RequestMappingHandlerMapping : Mapped "{[/managesession],methods=[GET]}" onto public java.lang.String com.tirmizee.backend.web.WebController.manageSession(org.springframework.ui.ModelMap)
2019-05-16 00:39:10.889  INFO 5260 --- [  restartedMain] s.w.s.m.m.a.RequestMappingHandlerMapping : Mapped "{[/ || /login],methods=[GET]}" onto public java.lang.String com.tirmizee.backend.web.WebController.login(java.lang.String,org.springframework.ui.ModelMap)
2019-05-16 00:39:10.889  INFO 5260 --- [  restartedMain] s.w.s.m.m.a.RequestMappingHandlerMapping : Mapped "{[/passwordexpried],methods=[GET]}" onto public java.lang.String com.tirmizee.backend.web.WebController.passwordExpried(org.springframework.ui.ModelMap)
2019-05-16 00:39:10.889  INFO 5260 --- [  restartedMain] s.w.s.m.m.a.RequestMappingHandlerMapping : Mapped "{[/manageuser],methods=[GET]}" onto public java.lang.String com.tirmizee.backend.web.WebController.manageUser(org.springframework.ui.ModelMap)
2019-05-16 00:39:10.890  INFO 5260 --- [  restartedMain] s.w.s.m.m.a.RequestMappingHandlerMapping : Mapped "{[/managerole],methods=[GET]}" onto public java.lang.String com.tirmizee.backend.web.WebController.manageRole(org.springframework.ui.ModelMap)
2019-05-16 00:39:10.891  INFO 5260 --- [  restartedMain] s.w.s.m.m.a.RequestMappingHandlerMapping : Mapped "{[/accessdenied],methods=[GET]}" onto public java.lang.String com.tirmizee.backend.web.WebErrorController.accessDenied(org.springframework.ui.ModelMap)
2019-05-16 00:39:10.891  INFO 5260 --- [  restartedMain] s.w.s.m.m.a.RequestMappingHandlerMapping : Mapped "{[/NotFound],methods=[GET]}" onto public java.lang.String com.tirmizee.backend.web.WebErrorController.notFound(org.springframework.ui.ModelMap,java.lang.String)
2019-05-16 00:39:10.892  INFO 5260 --- [  restartedMain] s.w.s.m.m.a.RequestMappingHandlerMapping : Mapped "{[/ServerError],methods=[GET]}" onto public java.lang.String com.tirmizee.backend.web.WebErrorController.serverError(org.springframework.ui.ModelMap)
2019-05-16 00:39:10.898  INFO 5260 --- [  restartedMain] s.w.s.m.m.a.RequestMappingHandlerMapping : Mapped "{[/swagger-resources/configuration/security]}" onto public org.springframework.http.ResponseEntity<springfox.documentation.swagger.web.SecurityConfiguration> springfox.documentation.swagger.web.ApiResourceController.securityConfiguration()
2019-05-16 00:39:10.900  INFO 5260 --- [  restartedMain] s.w.s.m.m.a.RequestMappingHandlerMapping : Mapped "{[/swagger-resources]}" onto public org.springframework.http.ResponseEntity<java.util.List<springfox.documentation.swagger.web.SwaggerResource>> springfox.documentation.swagger.web.ApiResourceController.swaggerResources()
2019-05-16 00:39:10.901  INFO 5260 --- [  restartedMain] s.w.s.m.m.a.RequestMappingHandlerMapping : Mapped "{[/swagger-resources/configuration/ui]}" onto public org.springframework.http.ResponseEntity<springfox.documentation.swagger.web.UiConfiguration> springfox.documentation.swagger.web.ApiResourceController.uiConfiguration()
2019-05-16 00:39:10.907  INFO 5260 --- [  restartedMain] s.w.s.m.m.a.RequestMappingHandlerMapping : Mapped "{[/error]}" onto public org.springframework.http.ResponseEntity<java.util.Map<java.lang.String, java.lang.Object>> org.springframework.boot.autoconfigure.web.BasicErrorController.error(javax.servlet.http.HttpServletRequest)
2019-05-16 00:39:10.908  INFO 5260 --- [  restartedMain] s.w.s.m.m.a.RequestMappingHandlerMapping : Mapped "{[/error],produces=[text/html]}" onto public org.springframework.web.servlet.ModelAndView org.springframework.boot.autoconfigure.web.BasicErrorController.errorHtml(javax.servlet.http.HttpServletRequest,javax.servlet.http.HttpServletResponse)
2019-05-16 00:39:11.543  INFO 5260 --- [  restartedMain] o.s.b.a.e.mvc.EndpointHandlerMapping     : Mapped "{[/env/{name:.*}],methods=[GET],produces=[application/vnd.spring-boot.actuator.v1+json || application/json]}" onto public java.lang.Object org.springframework.boot.actuate.endpoint.mvc.EnvironmentMvcEndpoint.value(java.lang.String)
2019-05-16 00:39:11.543  INFO 5260 --- [  restartedMain] o.s.b.a.e.mvc.EndpointHandlerMapping     : Mapped "{[/env || /env.json],methods=[GET],produces=[application/vnd.spring-boot.actuator.v1+json || application/json]}" onto public java.lang.Object org.springframework.boot.actuate.endpoint.mvc.EndpointMvcAdapter.invoke()
2019-05-16 00:39:11.558  INFO 5260 --- [  restartedMain] o.s.b.a.e.mvc.EndpointHandlerMapping     : Mapped "{[/trace || /trace.json],methods=[GET],produces=[application/vnd.spring-boot.actuator.v1+json || application/json]}" onto public java.lang.Object org.springframework.boot.actuate.endpoint.mvc.EndpointMvcAdapter.invoke()
2019-05-16 00:39:11.558  INFO 5260 --- [  restartedMain] o.s.b.a.e.mvc.EndpointHandlerMapping     : Mapped "{[/health || /health.json],methods=[GET],produces=[application/vnd.spring-boot.actuator.v1+json || application/json]}" onto public java.lang.Object org.springframework.boot.actuate.endpoint.mvc.HealthMvcEndpoint.invoke(javax.servlet.http.HttpServletRequest,java.security.Principal)
2019-05-16 00:39:11.558  INFO 5260 --- [  restartedMain] o.s.b.a.e.mvc.EndpointHandlerMapping     : Mapped "{[/heapdump || /heapdump.json],methods=[GET],produces=[application/octet-stream]}" onto public void org.springframework.boot.actuate.endpoint.mvc.HeapdumpMvcEndpoint.invoke(boolean,javax.servlet.http.HttpServletRequest,javax.servlet.http.HttpServletResponse) throws java.io.IOException,javax.servlet.ServletException
2019-05-16 00:39:11.558  INFO 5260 --- [  restartedMain] o.s.b.a.e.mvc.EndpointHandlerMapping     : Mapped "{[/auditevents || /auditevents.json],methods=[GET],produces=[application/vnd.spring-boot.actuator.v1+json || application/json]}" onto public org.springframework.http.ResponseEntity<?> org.springframework.boot.actuate.endpoint.mvc.AuditEventsMvcEndpoint.findByPrincipalAndAfterAndType(java.lang.String,java.util.Date,java.lang.String)
2019-05-16 00:39:11.558  INFO 5260 --- [  restartedMain] o.s.b.a.e.mvc.EndpointHandlerMapping     : Mapped "{[/info || /info.json],methods=[GET],produces=[application/vnd.spring-boot.actuator.v1+json || application/json]}" onto public java.lang.Object org.springframework.boot.actuate.endpoint.mvc.EndpointMvcAdapter.invoke()
2019-05-16 00:39:11.558  INFO 5260 --- [  restartedMain] o.s.b.a.e.mvc.EndpointHandlerMapping     : Mapped "{[/autoconfig || /autoconfig.json],methods=[GET],produces=[application/vnd.spring-boot.actuator.v1+json || application/json]}" onto public java.lang.Object org.springframework.boot.actuate.endpoint.mvc.EndpointMvcAdapter.invoke()
2019-05-16 00:39:11.558  INFO 5260 --- [  restartedMain] o.s.b.a.e.mvc.EndpointHandlerMapping     : Mapped "{[/dump || /dump.json],methods=[GET],produces=[application/vnd.spring-boot.actuator.v1+json || application/json]}" onto public java.lang.Object org.springframework.boot.actuate.endpoint.mvc.EndpointMvcAdapter.invoke()
2019-05-16 00:39:11.558  INFO 5260 --- [  restartedMain] o.s.b.a.e.mvc.EndpointHandlerMapping     : Mapped "{[/configprops || /configprops.json],methods=[GET],produces=[application/vnd.spring-boot.actuator.v1+json || application/json]}" onto public java.lang.Object org.springframework.boot.actuate.endpoint.mvc.EndpointMvcAdapter.invoke()
2019-05-16 00:39:11.558  INFO 5260 --- [  restartedMain] o.s.b.a.e.mvc.EndpointHandlerMapping     : Mapped "{[/loggers/{name:.*}],methods=[GET],produces=[application/vnd.spring-boot.actuator.v1+json || application/json]}" onto public java.lang.Object org.springframework.boot.actuate.endpoint.mvc.LoggersMvcEndpoint.get(java.lang.String)
2019-05-16 00:39:11.558  INFO 5260 --- [  restartedMain] o.s.b.a.e.mvc.EndpointHandlerMapping     : Mapped "{[/loggers/{name:.*}],methods=[POST],consumes=[application/vnd.spring-boot.actuator.v1+json || application/json],produces=[application/vnd.spring-boot.actuator.v1+json || application/json]}" onto public java.lang.Object org.springframework.boot.actuate.endpoint.mvc.LoggersMvcEndpoint.set(java.lang.String,java.util.Map<java.lang.String, java.lang.String>)
2019-05-16 00:39:11.558  INFO 5260 --- [  restartedMain] o.s.b.a.e.mvc.EndpointHandlerMapping     : Mapped "{[/loggers || /loggers.json],methods=[GET],produces=[application/vnd.spring-boot.actuator.v1+json || application/json]}" onto public java.lang.Object org.springframework.boot.actuate.endpoint.mvc.EndpointMvcAdapter.invoke()
2019-05-16 00:39:11.558  INFO 5260 --- [  restartedMain] o.s.b.a.e.mvc.EndpointHandlerMapping     : Mapped "{[/beans || /beans.json],methods=[GET],produces=[application/vnd.spring-boot.actuator.v1+json || application/json]}" onto public java.lang.Object org.springframework.boot.actuate.endpoint.mvc.EndpointMvcAdapter.invoke()
2019-05-16 00:39:11.558  INFO 5260 --- [  restartedMain] o.s.b.a.e.mvc.EndpointHandlerMapping     : Mapped "{[/actuator || /actuator.json],methods=[GET],produces=[application/vnd.spring-boot.actuator.v1+json || application/json]}" onto public org.springframework.hateoas.ResourceSupport org.springframework.boot.actuate.endpoint.mvc.HalJsonMvcEndpoint.links()
2019-05-16 00:39:11.558  INFO 5260 --- [  restartedMain] o.s.b.a.e.mvc.EndpointHandlerMapping     : Mapped "{[/mappings || /mappings.json],methods=[GET],produces=[application/vnd.spring-boot.actuator.v1+json || application/json]}" onto public java.lang.Object org.springframework.boot.actuate.endpoint.mvc.EndpointMvcAdapter.invoke()
2019-05-16 00:39:11.558  INFO 5260 --- [  restartedMain] o.s.b.a.e.mvc.EndpointHandlerMapping     : Mapped "{[/metrics/{name:.*}],methods=[GET],produces=[application/vnd.spring-boot.actuator.v1+json || application/json]}" onto public java.lang.Object org.springframework.boot.actuate.endpoint.mvc.MetricsMvcEndpoint.value(java.lang.String)
2019-05-16 00:39:11.558  INFO 5260 --- [  restartedMain] o.s.b.a.e.mvc.EndpointHandlerMapping     : Mapped "{[/metrics || /metrics.json],methods=[GET],produces=[application/vnd.spring-boot.actuator.v1+json || application/json]}" onto public java.lang.Object org.springframework.boot.actuate.endpoint.mvc.EndpointMvcAdapter.invoke()
2019-05-16 00:39:12.508  INFO 5260 --- [  restartedMain] o.s.s.web.DefaultSecurityFilterChain     : Creating filter chain: Ant [pattern='/resources/**'], []
2019-05-16 00:39:12.662  INFO 5260 --- [  restartedMain] o.s.s.web.DefaultSecurityFilterChain     : Creating filter chain: org.springframework.security.web.util.matcher.AnyRequestMatcher@1, [org.springframework.security.web.context.request.async.WebAsyncManagerIntegrationFilter@72d7f587, org.springframework.security.web.context.SecurityContextPersistenceFilter@6084ca2c, org.springframework.security.web.header.HeaderWriterFilter@7dde239f, org.springframework.security.web.csrf.CsrfFilter@6bfd0c21, org.springframework.security.web.authentication.logout.LogoutFilter@4db11ce6, org.springframework.security.web.authentication.UsernamePasswordAuthenticationFilter@1ec93b79, org.springframework.security.web.session.ConcurrentSessionFilter@5df6b07a, org.springframework.security.web.savedrequest.RequestCacheAwareFilter@1da06c27, org.springframework.security.web.servletapi.SecurityContextHolderAwareRequestFilter@6b5c0f35, org.springframework.security.web.authentication.AnonymousAuthenticationFilter@71093778, org.springframework.security.web.session.SessionManagementFilter@7fc41aa4, org.springframework.security.web.access.ExceptionTranslationFilter@74e56c99, org.springframework.security.web.access.intercept.FilterSecurityInterceptor@4347c040]
2019-05-16 00:39:12.697  INFO 5260 --- [  restartedMain] o.s.s.web.DefaultSecurityFilterChain     : Creating filter chain: org.springframework.boot.actuate.autoconfigure.ManagementWebSecurityAutoConfiguration$LazyEndpointPathRequestMatcher@1aa59c80, [org.springframework.security.web.context.request.async.WebAsyncManagerIntegrationFilter@337183d, org.springframework.security.web.context.SecurityContextPersistenceFilter@35a558a3, org.springframework.security.web.header.HeaderWriterFilter@3dd97d7d, org.springframework.security.web.authentication.logout.LogoutFilter@49fac661, org.springframework.security.web.authentication.www.BasicAuthenticationFilter@7b962706, org.springframework.security.web.savedrequest.RequestCacheAwareFilter@5eb1ee3e, org.springframework.security.web.servletapi.SecurityContextHolderAwareRequestFilter@28754200, org.springframework.security.web.authentication.AnonymousAuthenticationFilter@4953b14a, org.springframework.security.web.session.SessionManagementFilter@6299aae1, org.springframework.security.web.access.ExceptionTranslationFilter@6c80ffe6, org.springframework.security.web.access.intercept.FilterSecurityInterceptor@5c28a465]
2019-05-16 00:39:12.812  INFO 5260 --- [  restartedMain] pertySourcedRequestMappingHandlerMapping : Mapped URL path [/v2/api-docs] onto method [public org.springframework.http.ResponseEntity<springfox.documentation.spring.web.json.Json> springfox.documentation.swagger2.web.Swagger2Controller.getDocumentation(java.lang.String,javax.servlet.http.HttpServletRequest)]
2019-05-16 00:39:12.903  INFO 5260 --- [  restartedMain] o.s.s.c.ThreadPoolTaskScheduler          : Initializing ExecutorService  'defaultSockJsTaskScheduler'
2019-05-16 00:39:12.924  WARN 5260 --- [  restartedMain] o.s.w.s.s.s.WebSocketHandlerMapping      : Neither 'urlMap' nor 'mappings' set on SimpleUrlHandlerMapping
2019-05-16 00:39:12.971  INFO 5260 --- [  restartedMain] o.s.s.c.ThreadPoolTaskScheduler          : Initializing ExecutorService  'messageBrokerTaskScheduler'
2019-05-16 00:39:13.122  INFO 5260 --- [  restartedMain] o.s.w.s.s.s.WebSocketHandlerMapping      : Mapped URL path [/ws/**] onto handler of type [class org.springframework.web.socket.sockjs.support.SockJsHttpRequestHandler]
2019-05-16 00:39:13.125  INFO 5260 --- [  restartedMain] o.s.s.concurrent.ThreadPoolTaskExecutor  : Initializing ExecutorService  'brokerChannelExecutor'
2019-05-16 00:39:13.438  INFO 5260 --- [  restartedMain] s.w.s.m.m.a.RequestMappingHandlerAdapter : Looking for @ControllerAdvice: org.springframework.boot.context.embedded.AnnotationConfigEmbeddedWebApplicationContext@148da615: startup date [Thu May 16 00:38:52 ICT 2019]; root of context hierarchy
2019-05-16 00:39:13.454  INFO 5260 --- [  restartedMain] s.w.s.m.m.a.RequestMappingHandlerAdapter : Detected ResponseBodyAdvice bean in org.springframework.boot.actuate.autoconfigure.EndpointWebMvcHypermediaManagementContextConfiguration$ActuatorEndpointLinksAdvice
2019-05-16 00:39:13.704  INFO 5260 --- [  restartedMain] o.s.w.s.handler.SimpleUrlHandlerMapping  : Mapped URL path [/swagger-ui.html] onto handler of type [class org.springframework.web.servlet.resource.ResourceHttpRequestHandler]
2019-05-16 00:39:13.704  INFO 5260 --- [  restartedMain] o.s.w.s.handler.SimpleUrlHandlerMapping  : Mapped URL path [/webjars/**] onto handler of type [class org.springframework.web.servlet.resource.ResourceHttpRequestHandler]
2019-05-16 00:39:13.718  INFO 5260 --- [  restartedMain] o.s.w.s.handler.SimpleUrlHandlerMapping  : Mapped URL path [/resources/**] onto handler of type [class org.springframework.web.servlet.resource.ResourceHttpRequestHandler]
2019-05-16 00:39:13.768  INFO 5260 --- [  restartedMain] .m.m.a.ExceptionHandlerExceptionResolver : Detected @ExceptionHandler methods in exceptionController
2019-05-16 00:39:13.768  INFO 5260 --- [  restartedMain] .m.m.a.ExceptionHandlerExceptionResolver : Detected @ExceptionHandler methods in repositoryRestExceptionHandler
2019-05-16 00:39:13.768  INFO 5260 --- [  restartedMain] .m.m.a.ExceptionHandlerExceptionResolver : Detected ResponseBodyAdvice implementation in org.springframework.boot.actuate.autoconfigure.EndpointWebMvcHypermediaManagementContextConfiguration$ActuatorEndpointLinksAdvice
2019-05-16 00:39:13.909  INFO 5260 --- [  restartedMain] o.s.w.s.handler.SimpleUrlHandlerMapping  : Mapped URL path [/**/favicon.ico] onto handler of type [class org.springframework.web.servlet.resource.ResourceHttpRequestHandler]
2019-05-16 00:39:14.387  INFO 5260 --- [  restartedMain] o.s.d.r.w.RepositoryRestHandlerAdapter   : Looking for @ControllerAdvice: org.springframework.boot.context.embedded.AnnotationConfigEmbeddedWebApplicationContext@148da615: startup date [Thu May 16 00:38:52 ICT 2019]; root of context hierarchy
2019-05-16 00:39:14.394  INFO 5260 --- [  restartedMain] o.s.d.r.w.RepositoryRestHandlerAdapter   : Detected ResponseBodyAdvice bean in org.springframework.boot.actuate.autoconfigure.EndpointWebMvcHypermediaManagementContextConfiguration$ActuatorEndpointLinksAdvice
2019-05-16 00:39:14.424  INFO 5260 --- [  restartedMain] o.s.d.r.w.RepositoryRestHandlerMapping   : Mapped "{[/{repository}/{id}/{property}/{propertyId}],methods=[DELETE],produces=[application/hal+json || application/json]}" onto public org.springframework.http.ResponseEntity<org.springframework.hateoas.ResourceSupport> org.springframework.data.rest.webmvc.RepositoryPropertyReferenceController.deletePropertyReferenceId(org.springframework.data.rest.webmvc.RootResourceInformation,java.io.Serializable,java.lang.String,java.lang.String) throws java.lang.Exception
2019-05-16 00:39:14.424  INFO 5260 --- [  restartedMain] o.s.d.r.w.RepositoryRestHandlerMapping   : Mapped "{[/{repository}/{id}/{property}],methods=[GET],produces=[application/hal+json || application/json]}" onto public org.springframework.http.ResponseEntity<org.springframework.hateoas.ResourceSupport> org.springframework.data.rest.webmvc.RepositoryPropertyReferenceController.followPropertyReference(org.springframework.data.rest.webmvc.RootResourceInformation,java.io.Serializable,java.lang.String,org.springframework.data.rest.webmvc.PersistentEntityResourceAssembler) throws java.lang.Exception
2019-05-16 00:39:14.425  INFO 5260 --- [  restartedMain] o.s.d.r.w.RepositoryRestHandlerMapping   : Mapped "{[/{repository}/{id}/{property}/{propertyId}],methods=[GET],produces=[application/hal+json || application/json]}" onto public org.springframework.http.ResponseEntity<org.springframework.hateoas.ResourceSupport> org.springframework.data.rest.webmvc.RepositoryPropertyReferenceController.followPropertyReference(org.springframework.data.rest.webmvc.RootResourceInformation,java.io.Serializable,java.lang.String,java.lang.String,org.springframework.data.rest.webmvc.PersistentEntityResourceAssembler) throws java.lang.Exception
2019-05-16 00:39:14.426  INFO 5260 --- [  restartedMain] o.s.d.r.w.RepositoryRestHandlerMapping   : Mapped "{[/{repository}/{id}/{property}],methods=[GET],produces=[application/x-spring-data-compact+json || text/uri-list]}" onto public org.springframework.http.ResponseEntity<org.springframework.hateoas.ResourceSupport> org.springframework.data.rest.webmvc.RepositoryPropertyReferenceController.followPropertyReferenceCompact(org.springframework.data.rest.webmvc.RootResourceInformation,java.io.Serializable,java.lang.String,org.springframework.data.rest.webmvc.PersistentEntityResourceAssembler) throws java.lang.Exception
2019-05-16 00:39:14.427  INFO 5260 --- [  restartedMain] o.s.d.r.w.RepositoryRestHandlerMapping   : Mapped "{[/{repository}/{id}/{property}],methods=[PATCH || PUT || POST],consumes=[application/json || application/x-spring-data-compact+json || text/uri-list],produces=[application/hal+json || application/json]}" onto public org.springframework.http.ResponseEntity<? extends org.springframework.hateoas.ResourceSupport> org.springframework.data.rest.webmvc.RepositoryPropertyReferenceController.createPropertyReference(org.springframework.data.rest.webmvc.RootResourceInformation,org.springframework.http.HttpMethod,org.springframework.hateoas.Resources<java.lang.Object>,java.io.Serializable,java.lang.String) throws java.lang.Exception
2019-05-16 00:39:14.427  INFO 5260 --- [  restartedMain] o.s.d.r.w.RepositoryRestHandlerMapping   : Mapped "{[/{repository}/{id}/{property}],methods=[DELETE],produces=[application/hal+json || application/json]}" onto public org.springframework.http.ResponseEntity<? extends org.springframework.hateoas.ResourceSupport> org.springframework.data.rest.webmvc.RepositoryPropertyReferenceController.deletePropertyReference(org.springframework.data.rest.webmvc.RootResourceInformation,java.io.Serializable,java.lang.String) throws java.lang.Exception
2019-05-16 00:39:14.432  INFO 5260 --- [  restartedMain] o.s.d.r.w.RepositoryRestHandlerMapping   : Mapped "{[/{repository}/search/{search}],methods=[OPTIONS],produces=[application/hal+json || application/json]}" onto public org.springframework.http.ResponseEntity<java.lang.Object> org.springframework.data.rest.webmvc.RepositorySearchController.optionsForSearch(org.springframework.data.rest.webmvc.RootResourceInformation,java.lang.String)
2019-05-16 00:39:14.432  INFO 5260 --- [  restartedMain] o.s.d.r.w.RepositoryRestHandlerMapping   : Mapped "{[/{repository}/search],methods=[HEAD],produces=[application/hal+json || application/json]}" onto public org.springframework.http.HttpEntity<?> org.springframework.data.rest.webmvc.RepositorySearchController.headForSearches(org.springframework.data.rest.webmvc.RootResourceInformation)
2019-05-16 00:39:14.433  INFO 5260 --- [  restartedMain] o.s.d.r.w.RepositoryRestHandlerMapping   : Mapped "{[/{repository}/search/{search}],methods=[GET],produces=[application/hal+json || application/json]}" onto public org.springframework.http.ResponseEntity<?> org.springframework.data.rest.webmvc.RepositorySearchController.executeSearch(org.springframework.data.rest.webmvc.RootResourceInformation,org.springframework.util.MultiValueMap<java.lang.String, java.lang.Object>,java.lang.String,org.springframework.data.rest.webmvc.support.DefaultedPageable,org.springframework.data.domain.Sort,org.springframework.data.rest.webmvc.PersistentEntityResourceAssembler,org.springframework.http.HttpHeaders)
2019-05-16 00:39:14.433  INFO 5260 --- [  restartedMain] o.s.d.r.w.RepositoryRestHandlerMapping   : Mapped "{[/{repository}/search/{search}],methods=[HEAD],produces=[application/hal+json || application/json]}" onto public org.springframework.http.ResponseEntity<java.lang.Object> org.springframework.data.rest.webmvc.RepositorySearchController.headForSearch(org.springframework.data.rest.webmvc.RootResourceInformation,java.lang.String)
2019-05-16 00:39:14.434  INFO 5260 --- [  restartedMain] o.s.d.r.w.RepositoryRestHandlerMapping   : Mapped "{[/{repository}/search],methods=[GET],produces=[application/hal+json || application/json]}" onto public org.springframework.data.rest.webmvc.RepositorySearchesResource org.springframework.data.rest.webmvc.RepositorySearchController.listSearches(org.springframework.data.rest.webmvc.RootResourceInformation)
2019-05-16 00:39:14.434  INFO 5260 --- [  restartedMain] o.s.d.r.w.RepositoryRestHandlerMapping   : Mapped "{[/{repository}/search/{search}],methods=[GET],produces=[application/x-spring-data-compact+json]}" onto public org.springframework.hateoas.ResourceSupport org.springframework.data.rest.webmvc.RepositorySearchController.executeSearchCompact(org.springframework.data.rest.webmvc.RootResourceInformation,org.springframework.http.HttpHeaders,org.springframework.util.MultiValueMap<java.lang.String, java.lang.Object>,java.lang.String,java.lang.String,org.springframework.data.rest.webmvc.support.DefaultedPageable,org.springframework.data.domain.Sort,org.springframework.data.rest.webmvc.PersistentEntityResourceAssembler)
2019-05-16 00:39:14.434  INFO 5260 --- [  restartedMain] o.s.d.r.w.RepositoryRestHandlerMapping   : Mapped "{[/{repository}/search],methods=[OPTIONS],produces=[application/hal+json || application/json]}" onto public org.springframework.http.HttpEntity<?> org.springframework.data.rest.webmvc.RepositorySearchController.optionsForSearches(org.springframework.data.rest.webmvc.RootResourceInformation)
2019-05-16 00:39:14.435  INFO 5260 --- [  restartedMain] o.s.d.r.w.RepositoryRestHandlerMapping   : Mapped "{[/ || ],methods=[GET],produces=[application/hal+json || application/json]}" onto public org.springframework.http.HttpEntity<org.springframework.data.rest.webmvc.RepositoryLinksResource> org.springframework.data.rest.webmvc.RepositoryController.listRepositories()
2019-05-16 00:39:14.436  INFO 5260 --- [  restartedMain] o.s.d.r.w.RepositoryRestHandlerMapping   : Mapped "{[/ || ],methods=[OPTIONS],produces=[application/hal+json || application/json]}" onto public org.springframework.http.HttpEntity<?> org.springframework.data.rest.webmvc.RepositoryController.optionsForRepositories()
2019-05-16 00:39:14.436  INFO 5260 --- [  restartedMain] o.s.d.r.w.RepositoryRestHandlerMapping   : Mapped "{[/ || ],methods=[HEAD],produces=[application/hal+json || application/json]}" onto public org.springframework.http.ResponseEntity<?> org.springframework.data.rest.webmvc.RepositoryController.headForRepositories()
2019-05-16 00:39:14.439  INFO 5260 --- [  restartedMain] o.s.d.r.w.RepositoryRestHandlerMapping   : Mapped "{[/{repository}/{id}],methods=[PUT],produces=[application/hal+json || application/json]}" onto public org.springframework.http.ResponseEntity<? extends org.springframework.hateoas.ResourceSupport> org.springframework.data.rest.webmvc.RepositoryEntityController.putItemResource(org.springframework.data.rest.webmvc.RootResourceInformation,org.springframework.data.rest.webmvc.PersistentEntityResource,java.io.Serializable,org.springframework.data.rest.webmvc.PersistentEntityResourceAssembler,org.springframework.data.rest.webmvc.support.ETag,java.lang.String) throws org.springframework.web.HttpRequestMethodNotSupportedException
2019-05-16 00:39:14.440  INFO 5260 --- [  restartedMain] o.s.d.r.w.RepositoryRestHandlerMapping   : Mapped "{[/{repository}/{id}],methods=[GET],produces=[application/hal+json || application/json]}" onto public org.springframework.http.ResponseEntity<org.springframework.hateoas.Resource<?>> org.springframework.data.rest.webmvc.RepositoryEntityController.getItemResource(org.springframework.data.rest.webmvc.RootResourceInformation,java.io.Serializable,org.springframework.data.rest.webmvc.PersistentEntityResourceAssembler,org.springframework.http.HttpHeaders) throws org.springframework.web.HttpRequestMethodNotSupportedException
2019-05-16 00:39:14.440  INFO 5260 --- [  restartedMain] o.s.d.r.w.RepositoryRestHandlerMapping   : Mapped "{[/{repository}],methods=[GET],produces=[application/x-spring-data-compact+json || text/uri-list]}" onto public org.springframework.hateoas.Resources<?> org.springframework.data.rest.webmvc.RepositoryEntityController.getCollectionResourceCompact(org.springframework.data.rest.webmvc.RootResourceInformation,org.springframework.data.rest.webmvc.support.DefaultedPageable,org.springframework.data.domain.Sort,org.springframework.data.rest.webmvc.PersistentEntityResourceAssembler) throws org.springframework.data.rest.webmvc.ResourceNotFoundException,org.springframework.web.HttpRequestMethodNotSupportedException
2019-05-16 00:39:14.441  INFO 5260 --- [  restartedMain] o.s.d.r.w.RepositoryRestHandlerMapping   : Mapped "{[/{repository}],methods=[POST],produces=[application/hal+json || application/json]}" onto public org.springframework.http.ResponseEntity<org.springframework.hateoas.ResourceSupport> org.springframework.data.rest.webmvc.RepositoryEntityController.postCollectionResource(org.springframework.data.rest.webmvc.RootResourceInformation,org.springframework.data.rest.webmvc.PersistentEntityResource,org.springframework.data.rest.webmvc.PersistentEntityResourceAssembler,java.lang.String) throws org.springframework.web.HttpRequestMethodNotSupportedException
2019-05-16 00:39:14.442  INFO 5260 --- [  restartedMain] o.s.d.r.w.RepositoryRestHandlerMapping   : Mapped "{[/{repository}/{id}],methods=[OPTIONS],produces=[application/hal+json || application/json]}" onto public org.springframework.http.ResponseEntity<?> org.springframework.data.rest.webmvc.RepositoryEntityController.optionsForItemResource(org.springframework.data.rest.webmvc.RootResourceInformation)
2019-05-16 00:39:14.447  INFO 5260 --- [  restartedMain] o.s.d.r.w.RepositoryRestHandlerMapping   : Mapped "{[/{repository}],methods=[HEAD],produces=[application/hal+json || application/json]}" onto public org.springframework.http.ResponseEntity<?> org.springframework.data.rest.webmvc.RepositoryEntityController.headCollectionResource(org.springframework.data.rest.webmvc.RootResourceInformation,org.springframework.data.rest.webmvc.support.DefaultedPageable) throws org.springframework.web.HttpRequestMethodNotSupportedException
2019-05-16 00:39:14.447  INFO 5260 --- [  restartedMain] o.s.d.r.w.RepositoryRestHandlerMapping   : Mapped "{[/{repository}],methods=[GET],produces=[application/hal+json || application/json]}" onto public org.springframework.hateoas.Resources<?> org.springframework.data.rest.webmvc.RepositoryEntityController.getCollectionResource(org.springframework.data.rest.webmvc.RootResourceInformation,org.springframework.data.rest.webmvc.support.DefaultedPageable,org.springframework.data.domain.Sort,org.springframework.data.rest.webmvc.PersistentEntityResourceAssembler) throws org.springframework.data.rest.webmvc.ResourceNotFoundException,org.springframework.web.HttpRequestMethodNotSupportedException
2019-05-16 00:39:14.448  INFO 5260 --- [  restartedMain] o.s.d.r.w.RepositoryRestHandlerMapping   : Mapped "{[/{repository}],methods=[OPTIONS],produces=[application/hal+json || application/json]}" onto public org.springframework.http.ResponseEntity<?> org.springframework.data.rest.webmvc.RepositoryEntityController.optionsForCollectionResource(org.springframework.data.rest.webmvc.RootResourceInformation)
2019-05-16 00:39:14.449  INFO 5260 --- [  restartedMain] o.s.d.r.w.RepositoryRestHandlerMapping   : Mapped "{[/{repository}/{id}],methods=[PATCH],produces=[application/hal+json || application/json]}" onto public org.springframework.http.ResponseEntity<org.springframework.hateoas.ResourceSupport> org.springframework.data.rest.webmvc.RepositoryEntityController.patchItemResource(org.springframework.data.rest.webmvc.RootResourceInformation,org.springframework.data.rest.webmvc.PersistentEntityResource,java.io.Serializable,org.springframework.data.rest.webmvc.PersistentEntityResourceAssembler,org.springframework.data.rest.webmvc.support.ETag,java.lang.String) throws org.springframework.web.HttpRequestMethodNotSupportedException,org.springframework.data.rest.webmvc.ResourceNotFoundException
2019-05-16 00:39:14.450  INFO 5260 --- [  restartedMain] o.s.d.r.w.RepositoryRestHandlerMapping   : Mapped "{[/{repository}/{id}],methods=[DELETE],produces=[application/hal+json || application/json]}" onto public org.springframework.http.ResponseEntity<?> org.springframework.data.rest.webmvc.RepositoryEntityController.deleteItemResource(org.springframework.data.rest.webmvc.RootResourceInformation,java.io.Serializable,org.springframework.data.rest.webmvc.support.ETag) throws org.springframework.data.rest.webmvc.ResourceNotFoundException,org.springframework.web.HttpRequestMethodNotSupportedException
2019-05-16 00:39:14.450  INFO 5260 --- [  restartedMain] o.s.d.r.w.RepositoryRestHandlerMapping   : Mapped "{[/{repository}/{id}],methods=[HEAD],produces=[application/hal+json || application/json]}" onto public org.springframework.http.ResponseEntity<?> org.springframework.data.rest.webmvc.RepositoryEntityController.headForItemResource(org.springframework.data.rest.webmvc.RootResourceInformation,java.io.Serializable,org.springframework.data.rest.webmvc.PersistentEntityResourceAssembler) throws org.springframework.web.HttpRequestMethodNotSupportedException
2019-05-16 00:39:14.458  INFO 5260 --- [  restartedMain] o.s.d.r.w.BasePathAwareHandlerMapping    : Mapped "{[/profile],methods=[OPTIONS]}" onto public org.springframework.http.HttpEntity<?> org.springframework.data.rest.webmvc.ProfileController.profileOptions()
2019-05-16 00:39:14.459  INFO 5260 --- [  restartedMain] o.s.d.r.w.BasePathAwareHandlerMapping    : Mapped "{[/profile],methods=[GET]}" onto org.springframework.http.HttpEntity<org.springframework.hateoas.ResourceSupport> org.springframework.data.rest.webmvc.ProfileController.listAllFormsOfMetadata()
2019-05-16 00:39:14.459  INFO 5260 --- [  restartedMain] o.s.d.r.w.BasePathAwareHandlerMapping    : Mapped "{[/profile/{repository}],methods=[GET],produces=[application/schema+json]}" onto public org.springframework.http.HttpEntity<org.springframework.data.rest.webmvc.json.JsonSchema> org.springframework.data.rest.webmvc.RepositorySchemaController.schema(org.springframework.data.rest.webmvc.RootResourceInformation)
2019-05-16 00:39:14.460  INFO 5260 --- [  restartedMain] o.s.d.r.w.BasePathAwareHandlerMapping    : Mapped "{[/profile/{repository}],methods=[GET],produces=[application/alps+json || */*]}" onto org.springframework.http.HttpEntity<org.springframework.data.rest.webmvc.RootResourceInformation> org.springframework.data.rest.webmvc.alps.AlpsController.descriptor(org.springframework.data.rest.webmvc.RootResourceInformation)
2019-05-16 00:39:14.460  INFO 5260 --- [  restartedMain] o.s.d.r.w.BasePathAwareHandlerMapping    : Mapped "{[/profile/{repository}],methods=[OPTIONS],produces=[application/alps+json]}" onto org.springframework.http.HttpEntity<?> org.springframework.data.rest.webmvc.alps.AlpsController.alpsOptions()
2019-05-16 00:39:15.540  INFO 5260 --- [  restartedMain] o.s.b.d.a.OptionalLiveReloadServer       : LiveReload server is running on port 35729
2019-05-16 00:39:15.936  INFO 5260 --- [  restartedMain] o.s.j.e.a.AnnotationMBeanExporter        : Registering beans for JMX exposure on startup
2019-05-16 00:39:15.965  INFO 5260 --- [  restartedMain] o.s.c.support.DefaultLifecycleProcessor  : Starting beans in phase 0
2019-05-16 00:39:16.164  INFO 5260 --- [  restartedMain] o.s.c.support.DefaultLifecycleProcessor  : Starting beans in phase 2147483647
2019-05-16 00:39:16.164  INFO 5260 --- [  restartedMain] d.s.w.p.DocumentationPluginsBootstrapper : Context refreshed
2019-05-16 00:39:16.250  INFO 5260 --- [  restartedMain] d.s.w.p.DocumentationPluginsBootstrapper : Found 1 custom documentation plugin(s)
2019-05-16 00:39:16.408  INFO 5260 --- [  restartedMain] s.d.s.w.s.ApiListingReferenceScanner     : Scanning for api listing references
2019-05-16 00:39:16.777  INFO 5260 --- [  restartedMain] .d.s.w.r.o.CachingOperationNameGenerator : Generating unique operation named: findByTermUsingPOST_1
2019-05-16 00:39:16.814  INFO 5260 --- [  restartedMain] .d.s.w.r.o.CachingOperationNameGenerator : Generating unique operation named: findByTermUsingPOST_2
2019-05-16 00:39:17.305  INFO 5260 --- [  restartedMain] .d.s.w.r.o.CachingOperationNameGenerator : Generating unique operation named: allLogsUsingGET_1
2019-05-16 00:39:17.322  INFO 5260 --- [  restartedMain] .d.s.w.r.o.CachingOperationNameGenerator : Generating unique operation named: pageUsingPOST_1
2019-05-16 00:39:17.345  INFO 5260 --- [  restartedMain] o.s.m.s.b.SimpleBrokerMessageHandler     : Starting...
2019-05-16 00:39:17.345  INFO 5260 --- [  restartedMain] o.s.m.s.b.SimpleBrokerMessageHandler     : BrokerAvailabilityEvent[available=true, SimpleBrokerMessageHandler [DefaultSubscriptionRegistry[cache[0 destination(s)], registry[0 sessions]]]]
2019-05-16 00:39:17.347  INFO 5260 --- [  restartedMain] o.s.m.s.b.SimpleBrokerMessageHandler     : Started.
2019-05-16 00:39:17.373  INFO 5260 --- [  restartedMain] s.a.ScheduledAnnotationBeanPostProcessor : More than one TaskScheduler bean exists within the context, and none is named 'taskScheduler'. Mark one of them as primary or name it 'taskScheduler' (possibly as an alias); or implement the SchedulingConfigurer interface and call ScheduledTaskRegistrar#setScheduler explicitly within the configureTasks() callback: [defaultSockJsTaskScheduler, messageBrokerTaskScheduler]
2019-05-16 00:39:17.867  INFO 5260 --- [  restartedMain] s.b.c.e.t.TomcatEmbeddedServletContainer : Tomcat started on port(s): 8433 (https)
2019-05-16 00:39:17.893  INFO 5260 --- [  restartedMain] com.tirmizee.ApplicationInitializer      : Started ApplicationInitializer in 26.708 seconds (JVM running for 29.073)
2019-05-16 00:40:12.119  INFO 5260 --- [nio-8433-exec-8] o.a.c.c.C.[.[localhost].[/tirmizee]      : Initializing Spring FrameworkServlet 'dispatcherServlet'
2019-05-16 00:40:12.119  INFO 5260 --- [nio-8433-exec-8] o.s.web.servlet.DispatcherServlet        : FrameworkServlet 'dispatcherServlet': initialization started
2019-05-16 00:40:12.179  INFO 5260 --- [nio-8433-exec-8] o.s.web.servlet.DispatcherServlet        : FrameworkServlet 'dispatcherServlet': initialization completed in 59 ms
2019-05-16 00:40:13.138  INFO 5260 --- [MessageBroker-1] o.s.w.s.c.WebSocketMessageBrokerStats    : WebSocketSession[0 current WS(0)-HttpStream(0)-HttpPoll(0), 0 total, 0 closed abnormally (0 connect failure, 0 send limit, 0 transport error)], stompSubProtocol[processed CONNECT(0)-CONNECTED(0)-DISCONNECT(0)], stompBrokerRelay[null], inboundChannel[pool size = 0, active threads = 0, queued tasks = 0, completed tasks = 0], outboundChannelpool size = 0, active threads = 0, queued tasks = 0, completed tasks = 0], sockJsScheduler[pool size = 1, active threads = 1, queued tasks = 0, completed tasks = 0]
2019-05-16 00:40:14.425  INFO 5260 --- [nio-8433-exec-8] c.t.core.filter.RequestLoggingFilter     : anonymousUser : 0:0:0:0:0:0:0:1 : After request [uri=/tirmizee/]
2019-05-16 00:41:25.808  INFO 5260 --- [nio-8433-exec-4] c.t.c.s.AuthenticationProviderImpl       : tirmizee : password expried
2019-05-16 00:41:26.348  INFO 5260 --- [io-8433-exec-11] c.t.core.filter.RequestLoggingFilter     : tirmizee : 0:0:0:0:0:0:0:1 : After request [uri=/tirmizee/passwordexpried]
2019-05-16 00:41:44.961  INFO 5260 --- [nio-8433-exec-4] c.t.core.filter.RequestLoggingFilter     : tirmizee : 0:0:0:0:0:0:0:1 : After request [uri=/tirmizee/api/user/password/expried;payload={"oldPassword":"asdfghj","newPassword":"123456","newPasswordConfirm":"123456"}]
2019-05-16 00:41:47.040  INFO 5260 --- [io-8433-exec-13] c.t.core.filter.RequestLoggingFilter     : tirmizee : 0:0:0:0:0:0:0:1 : After request [uri=/tirmizee/login]
2019-05-16 00:42:00.989  INFO 5260 --- [nio-8433-exec-9] c.t.core.filter.RequestLoggingFilter     : tirmizee : 0:0:0:0:0:0:0:1 : After request [uri=/tirmizee/main]
2019-05-16 00:42:07.323  INFO 5260 --- [io-8433-exec-13] c.t.core.filter.RequestLoggingFilter     : tirmizee : 0:0:0:0:0:0:0:1 : After request [uri=/tirmizee/manageuser]
2019-05-16 00:42:08.474  INFO 5260 --- [io-8433-exec-15] c.t.core.filter.RequestLoggingFilter     : tirmizee : 0:0:0:0:0:0:0:1 : After request [uri=/tirmizee/api/user/page;payload={"draw":1,"columns":[{"data":null,"name":"","searchable":true,"orderable":false,"search":{"value":""]
2019-05-16 00:42:13.025  INFO 5260 --- [nio-8433-exec-3] c.t.core.filter.RequestLoggingFilter     : tirmizee : 0:0:0:0:0:0:0:1 : After request [uri=/tirmizee/api/user/page;payload={"draw":2,"columns":[{"data":null,"name":"","searchable":true,"orderable":false,"search":{"value":""]
2019-05-16 00:42:13.949  INFO 5260 --- [nio-8433-exec-5] c.t.core.filter.RequestLoggingFilter     : tirmizee : 0:0:0:0:0:0:0:1 : After request [uri=/tirmizee/api/user/page;payload={"draw":3,"columns":[{"data":null,"name":"","searchable":true,"orderable":false,"search":{"value":""]
2019-05-16 00:42:15.341  INFO 5260 --- [io-8433-exec-13] c.t.core.filter.RequestLoggingFilter     : tirmizee : 0:0:0:0:0:0:0:1 : After request [uri=/tirmizee/api/user/page;payload={"draw":4,"columns":[{"data":null,"name":"","searchable":true,"orderable":false,"search":{"value":""]
2019-05-16 00:42:16.525  INFO 5260 --- [nio-8433-exec-6] c.t.core.filter.RequestLoggingFilter     : tirmizee : 0:0:0:0:0:0:0:1 : After request [uri=/tirmizee/api/user/page;payload={"draw":5,"columns":[{"data":null,"name":"","searchable":true,"orderable":false,"search":{"value":""]
2019-05-16 00:42:19.625  INFO 5260 --- [nio-8433-exec-9] c.t.core.filter.RequestLoggingFilter     : tirmizee : 0:0:0:0:0:0:0:1 : After request [uri=/tirmizee/api/user/page;payload={"draw":6,"columns":[{"data":null,"name":"","searchable":true,"orderable":false,"search":{"value":""]
2019-05-16 00:42:30.745  INFO 5260 --- [io-8433-exec-12] c.t.core.filter.RequestLoggingFilter     : tirmizee : 0:0:0:0:0:0:0:1 : After request [uri=/tirmizee/api/user/get/2514]
2019-05-16 00:42:32.826  INFO 5260 --- [io-8433-exec-14] org.dozer.DozerBeanMapper                : Using the following xml files to load custom mappings for the bean mapper instance: [dozer-config.xml]
2019-05-16 00:42:32.826  INFO 5260 --- [io-8433-exec-14] org.dozer.DozerBeanMapper                : Trying to find xml mapping file: dozer-config.xml
2019-05-16 00:42:32.833  INFO 5260 --- [io-8433-exec-14] org.dozer.DozerBeanMapper                : Using URL [file:/C:/Users/User/workspace/SpringBoot/target/classes/dozer-config.xml] to load custom xml mappings
2019-05-16 00:42:33.068  INFO 5260 --- [io-8433-exec-14] org.dozer.DozerBeanMapper                : Successfully loaded custom xml mappings from URL: [file:/C:/Users/User/workspace/SpringBoot/target/classes/dozer-config.xml]
2019-05-16 00:42:33.304  INFO 5260 --- [io-8433-exec-14] c.t.core.filter.RequestLoggingFilter     : tirmizee : 0:0:0:0:0:0:0:1 : After request [uri=/tirmizee/api/address/province;payload={"_type":"query","page":0,"size":10}]
2019-05-16 00:42:42.555  INFO 5260 --- [nio-8433-exec-4] c.t.core.filter.RequestLoggingFilter     : tirmizee : 0:0:0:0:0:0:0:1 : After request [uri=/tirmizee/api/address/province;payload={"term":"pt","_type":"query","page":0,"size":10}]
2019-05-16 00:42:43.268  INFO 5260 --- [nio-8433-exec-7] c.t.core.filter.RequestLoggingFilter     : tirmizee : 0:0:0:0:0:0:0:1 : After request [uri=/tirmizee/api/address/province;payload={"term":"","_type":"query","page":0,"size":10}]
2019-05-16 00:42:44.045  INFO 5260 --- [nio-8433-exec-3] c.t.core.filter.RequestLoggingFilter     : tirmizee : 0:0:0:0:0:0:0:1 : After request [uri=/tirmizee/api/address/province;payload={"term":"","_type":"query","page":0,"size":10}]
2019-05-16 00:42:46.111  INFO 5260 --- [io-8433-exec-15] c.t.core.filter.RequestLoggingFilter     : tirmizee : 0:0:0:0:0:0:0:1 : After request [uri=/tirmizee/api/address/district;payload={"_type":"query","page":0,"size":10,"provinceCode":"95"}]
2019-05-16 00:42:47.448  INFO 5260 --- [nio-8433-exec-5] c.t.core.filter.RequestLoggingFilter     : tirmizee : 0:0:0:0:0:0:0:1 : After request [uri=/tirmizee/api/address/district;payload={"term":"","_type":"query","page":0,"size":10,"provinceCode":"95"}]
2019-05-16 00:42:49.958  INFO 5260 --- [nio-8433-exec-2] c.t.core.filter.RequestLoggingFilter     : tirmizee : 0:0:0:0:0:0:0:1 : After request [uri=/tirmizee/api/address/district;payload={"term":"","_type":"query","page":0,"size":10,"provinceCode":"95"}]
2019-05-16 00:42:51.132  INFO 5260 --- [io-8433-exec-13] c.t.core.filter.RequestLoggingFilter     : tirmizee : 0:0:0:0:0:0:0:1 : After request [uri=/tirmizee/api/address/district;payload={"term":"","_type":"query","page":0,"size":10,"provinceCode":"95"}]
2019-05-16 00:42:54.431  INFO 5260 --- [nio-8433-exec-8] c.t.core.filter.RequestLoggingFilter     : tirmizee : 0:0:0:0:0:0:0:1 : After request [uri=/tirmizee/api/address/district;payload={"term":"","_type":"query","page":0,"size":10,"provinceCode":"95"}]
2019-05-16 00:42:55.645  INFO 5260 --- [nio-8433-exec-6] c.t.core.filter.RequestLoggingFilter     : tirmizee : 0:0:0:0:0:0:0:1 : After request [uri=/tirmizee/api/address/district;payload={"term":"","_type":"query","page":0,"size":10,"provinceCode":"95"}]
2019-05-16 00:42:55.958  INFO 5260 --- [io-8433-exec-11] c.t.core.filter.RequestLoggingFilter     : tirmizee : 0:0:0:0:0:0:0:1 : After request [uri=/tirmizee/api/address/district;payload={"term":"","_type":"query","page":0,"size":10,"provinceCode":"95"}]
2019-05-16 00:42:58.160  INFO 5260 --- [nio-8433-exec-9] c.t.core.filter.RequestLoggingFilter     : tirmizee : 0:0:0:0:0:0:0:1 : After request [uri=/tirmizee/api/address/subdistrict;payload={"_type":"query","page":0,"size":10,"districtCode":"9506"}]
2019-05-16 00:43:05.617  INFO 5260 --- [io-8433-exec-12] c.t.core.filter.RequestLoggingFilter     : tirmizee : 0:0:0:0:0:0:0:1 : After request [uri=/tirmizee/api/village/findByTerm;payload={"_type":"query","page":0,"size":10,"subDistrictCode":"950601"}]
2019-05-16 00:43:22.562  INFO 5260 --- [nio-8433-exec-5] c.t.core.filter.RequestLoggingFilter     : tirmizee : 0:0:0:0:0:0:0:1 : After request [uri=/tirmizee/api/address/province;payload={"_type":"query","page":0,"size":10}]
2019-05-16 00:43:25.679  INFO 5260 --- [nio-8433-exec-2] c.t.core.filter.RequestLoggingFilter     : tirmizee : 0:0:0:0:0:0:0:1 : After request [uri=/tirmizee/api/village/findByTerm;payload={"_type":"query","page":0,"size":10,"subDistrictCode":"950601"}]
2019-05-16 01:10:13.138  INFO 5260 --- [MessageBroker-3] o.s.w.s.c.WebSocketMessageBrokerStats    : WebSocketSession[0 current WS(0)-HttpStream(0)-HttpPoll(0), 2 total, 0 closed abnormally (0 connect failure, 0 send limit, 0 transport error)], stompSubProtocol[processed CONNECT(2)-CONNECTED(2)-DISCONNECT(0)], stompBrokerRelay[null], inboundChannel[pool size = 0, active threads = 0, queued tasks = 0, completed tasks = 18], outboundChannelpool size = 0, active threads = 0, queued tasks = 0, completed tasks = 1087], sockJsScheduler[pool size = 4, active threads = 1, queued tasks = 1, completed tasks = 340]
2019-05-16 01:45:33.487  INFO 5260 --- [MessageBroker-4] o.s.w.s.c.WebSocketMessageBrokerStats    : WebSocketSession[0 current WS(0)-HttpStream(0)-HttpPoll(0), 2 total, 0 closed abnormally (0 connect failure, 0 send limit, 0 transport error)], stompSubProtocol[processed CONNECT(2)-CONNECTED(2)-DISCONNECT(0)], stompBrokerRelay[null], inboundChannel[pool size = 0, active threads = 0, queued tasks = 0, completed tasks = 18], outboundChannelpool size = 0, active threads = 0, queued tasks = 0, completed tasks = 1087], sockJsScheduler[pool size = 4, active threads = 2, queued tasks = 0, completed tasks = 474]
2019-05-16 01:45:49.817  WARN 5260 --- [l-1 housekeeper] com.zaxxer.hikari.pool.HikariPool        : HikariPool-1 - Thread starvation or clock leap detected (housekeeper delta=24m45s874ms776s775ns).
