2019-04-11 00:01:26.855  INFO 12924 --- [nio-8090-exec-7] c.t.core.filter.RequestLoggingFilter     : tirmizee : 0:0:0:0:0:0:0:1 : After request [uri=/tirmizee/manageuser]
2019-04-11 00:01:27.754  INFO 12924 --- [io-8090-exec-10] c.t.core.filter.RequestLoggingFilter     : tirmizee : 0:0:0:0:0:0:0:1 : After request [uri=/tirmizee/api/user/page;payload={"draw":1,"columns":[{"data":null,"name":"","searchable":true,"orderable":false,"search":{"value":""]
2019-04-11 00:01:29.107  INFO 12924 --- [nio-8090-exec-4] c.t.core.filter.RequestLoggingFilter     : tirmizee : 0:0:0:0:0:0:0:1 : After request [uri=/tirmizee/api/user/get/2416]
2019-04-11 00:02:36.669  INFO 12924 --- [nio-8090-exec-7] c.t.core.filter.RequestLoggingFilter     : tirmizee : 0:0:0:0:0:0:0:1 : After request [uri=/tirmizee/manageuser]
2019-04-11 00:02:37.534  INFO 12924 --- [nio-8090-exec-6] c.t.core.filter.RequestLoggingFilter     : tirmizee : 0:0:0:0:0:0:0:1 : After request [uri=/tirmizee/api/user/page;payload={"draw":1,"columns":[{"data":null,"name":"","searchable":true,"orderable":false,"search":{"value":""]
2019-04-11 00:02:38.626  INFO 12924 --- [nio-8090-exec-5] c.t.core.filter.RequestLoggingFilter     : tirmizee : 0:0:0:0:0:0:0:1 : After request [uri=/tirmizee/api/user/get/2419]
2019-04-11 00:03:05.154  INFO 12924 --- [nio-8090-exec-4] c.t.core.filter.RequestLoggingFilter     : tirmizee : 0:0:0:0:0:0:0:1 : After request [uri=/tirmizee/manageuser]
2019-04-11 00:03:05.823  INFO 12924 --- [nio-8090-exec-8] c.t.core.filter.RequestLoggingFilter     : tirmizee : 0:0:0:0:0:0:0:1 : After request [uri=/tirmizee/api/user/page;payload={"draw":1,"columns":[{"data":null,"name":"","searchable":true,"orderable":false,"search":{"value":""]
2019-04-11 00:03:06.886  INFO 12924 --- [nio-8090-exec-4] c.t.core.filter.RequestLoggingFilter     : tirmizee : 0:0:0:0:0:0:0:1 : After request [uri=/tirmizee/api/user/get/2419]
2019-04-11 00:03:28.067  INFO 12924 --- [nio-8090-exec-6] c.t.core.filter.RequestLoggingFilter     : tirmizee : 0:0:0:0:0:0:0:1 : After request [uri=/tirmizee/manageuser]
2019-04-11 00:03:28.837  INFO 12924 --- [nio-8090-exec-4] c.t.core.filter.RequestLoggingFilter     : tirmizee : 0:0:0:0:0:0:0:1 : After request [uri=/tirmizee/api/user/page;payload={"draw":1,"columns":[{"data":null,"name":"","searchable":true,"orderable":false,"search":{"value":""]
2019-04-11 00:03:30.220  INFO 12924 --- [nio-8090-exec-3] c.t.core.filter.RequestLoggingFilter     : tirmizee : 0:0:0:0:0:0:0:1 : After request [uri=/tirmizee/api/user/get/2416]
2019-04-11 00:04:13.977  INFO 12924 --- [nio-8090-exec-9] c.t.core.filter.RequestLoggingFilter     : tirmizee : 0:0:0:0:0:0:0:1 : After request [uri=/tirmizee/manageuser]
2019-04-11 00:04:14.799  INFO 12924 --- [nio-8090-exec-9] c.t.core.filter.RequestLoggingFilter     : tirmizee : 0:0:0:0:0:0:0:1 : After request [uri=/tirmizee/api/user/page;payload={"draw":1,"columns":[{"data":null,"name":"","searchable":true,"orderable":false,"search":{"value":""]
2019-04-11 00:04:15.666  INFO 12924 --- [nio-8090-exec-1] c.t.core.filter.RequestLoggingFilter     : tirmizee : 0:0:0:0:0:0:0:1 : After request [uri=/tirmizee/api/user/get/2419]
2019-04-11 00:04:36.301  INFO 12924 --- [nio-8090-exec-6] c.t.core.filter.RequestLoggingFilter     : tirmizee : 0:0:0:0:0:0:0:1 : After request [uri=/tirmizee/manageuser]
2019-04-11 00:04:37.271  INFO 12924 --- [nio-8090-exec-4] c.t.core.filter.RequestLoggingFilter     : tirmizee : 0:0:0:0:0:0:0:1 : After request [uri=/tirmizee/api/user/page;payload={"draw":1,"columns":[{"data":null,"name":"","searchable":true,"orderable":false,"search":{"value":""]
2019-04-11 00:04:38.689  INFO 12924 --- [nio-8090-exec-8] c.t.core.filter.RequestLoggingFilter     : tirmizee : 0:0:0:0:0:0:0:1 : After request [uri=/tirmizee/api/user/get/2417]
2019-04-11 00:05:20.683  INFO 12924 --- [nio-8090-exec-9] c.t.core.filter.RequestLoggingFilter     : tirmizee : 0:0:0:0:0:0:0:1 : After request [uri=/tirmizee/manageuser]
2019-04-11 00:05:21.399  INFO 12924 --- [nio-8090-exec-7] c.t.core.filter.RequestLoggingFilter     : tirmizee : 0:0:0:0:0:0:0:1 : After request [uri=/tirmizee/api/user/page;payload={"draw":1,"columns":[{"data":null,"name":"","searchable":true,"orderable":false,"search":{"value":""]
2019-04-11 00:05:22.576  INFO 12924 --- [nio-8090-exec-3] c.t.core.filter.RequestLoggingFilter     : tirmizee : 0:0:0:0:0:0:0:1 : After request [uri=/tirmizee/api/user/get/2419]
2019-04-11 00:06:22.893  INFO 12924 --- [nio-8090-exec-6] c.t.core.filter.RequestLoggingFilter     : tirmizee : 0:0:0:0:0:0:0:1 : After request [uri=/tirmizee/manageuser]
2019-04-11 00:06:24.051  INFO 12924 --- [nio-8090-exec-1] c.t.core.filter.RequestLoggingFilter     : tirmizee : 0:0:0:0:0:0:0:1 : After request [uri=/tirmizee/api/user/page;payload={"draw":1,"columns":[{"data":null,"name":"","searchable":true,"orderable":false,"search":{"value":""]
2019-04-11 00:06:25.334  INFO 12924 --- [nio-8090-exec-7] c.t.core.filter.RequestLoggingFilter     : tirmizee : 0:0:0:0:0:0:0:1 : After request [uri=/tirmizee/api/user/get/2418]
2019-04-11 00:06:36.252  INFO 12924 --- [io-8090-exec-10] c.t.core.filter.RequestLoggingFilter     : tirmizee : 0:0:0:0:0:0:0:1 : After request [uri=/tirmizee/api/user/get/5001]
2019-04-11 00:06:50.380  INFO 12924 --- [nio-8090-exec-8] c.t.core.filter.RequestLoggingFilter     : tirmizee : 0:0:0:0:0:0:0:1 : After request [uri=/tirmizee/api/user/update/accountnonlocked;payload={"username":"nandinoh3","status":true}]
2019-04-11 00:06:50.423  INFO 12924 --- [nio-8090-exec-4] c.t.core.filter.RequestLoggingFilter     : tirmizee : 0:0:0:0:0:0:0:1 : After request [uri=/tirmizee/api/user/page;payload={"draw":2,"columns":[{"data":null,"name":"","searchable":true,"orderable":false,"search":{"value":""]
2019-04-11 00:06:53.159  INFO 12924 --- [nio-8090-exec-6] c.t.core.filter.RequestLoggingFilter     : tirmizee : 0:0:0:0:0:0:0:1 : After request [uri=/tirmizee/api/user/update/accountnonlocked;payload={"username":"snizeth4","status":true}]
2019-04-11 00:06:53.185  INFO 12924 --- [nio-8090-exec-9] c.t.core.filter.RequestLoggingFilter     : tirmizee : 0:0:0:0:0:0:0:1 : After request [uri=/tirmizee/api/user/page;payload={"draw":3,"columns":[{"data":null,"name":"","searchable":true,"orderable":false,"search":{"value":""]
2019-04-11 00:06:55.440  INFO 12924 --- [nio-8090-exec-3] c.t.core.filter.RequestLoggingFilter     : tirmizee : 0:0:0:0:0:0:0:1 : After request [uri=/tirmizee/api/user/update/accountnonlocked;payload={"username":"clittlefieldh5","status":true}]
2019-04-11 00:06:55.462  INFO 12924 --- [nio-8090-exec-7] c.t.core.filter.RequestLoggingFilter     : tirmizee : 0:0:0:0:0:0:0:1 : After request [uri=/tirmizee/api/user/page;payload={"draw":4,"columns":[{"data":null,"name":"","searchable":true,"orderable":false,"search":{"value":""]
2019-04-11 00:09:45.511  INFO 12924 --- [nio-8090-exec-9] c.t.core.filter.RequestLoggingFilter     : tirmizee : 0:0:0:0:0:0:0:1 : After request [uri=/tirmizee/manageuser]
2019-04-11 00:09:46.408  INFO 12924 --- [nio-8090-exec-9] c.t.core.filter.RequestLoggingFilter     : tirmizee : 0:0:0:0:0:0:0:1 : After request [uri=/tirmizee/api/user/page;payload={"draw":1,"columns":[{"data":null,"name":"","searchable":true,"orderable":false,"search":{"value":""]
2019-04-11 00:09:47.528  INFO 12924 --- [io-8090-exec-10] c.t.core.filter.RequestLoggingFilter     : tirmizee : 0:0:0:0:0:0:0:1 : After request [uri=/tirmizee/api/user/get/2418]
2019-04-11 00:10:20.602  INFO 12924 --- [nio-8090-exec-6] org.dozer.DozerBeanMapper                : Using the following xml files to load custom mappings for the bean mapper instance: [dozer-config.xml]
2019-04-11 00:10:20.603  INFO 12924 --- [nio-8090-exec-6] org.dozer.DozerBeanMapper                : Trying to find xml mapping file: dozer-config.xml
2019-04-11 00:10:20.605  INFO 12924 --- [nio-8090-exec-6] org.dozer.DozerBeanMapper                : Using URL [file:/C:/Users/User/workspace/SpringBoot/target/classes/dozer-config.xml] to load custom xml mappings
2019-04-11 00:10:20.695  INFO 12924 --- [nio-8090-exec-6] org.dozer.DozerBeanMapper                : Successfully loaded custom xml mappings from URL: [file:/C:/Users/User/workspace/SpringBoot/target/classes/dozer-config.xml]
2019-04-11 00:10:20.942  INFO 12924 --- [nio-8090-exec-6] c.t.core.filter.RequestLoggingFilter     : tirmizee : 0:0:0:0:0:0:0:1 : After request [uri=/tirmizee/api/district/findByTerm;payload={"_type":"query","page":0,"size":10,"provinceId":74}]
2019-04-11 00:10:22.693  INFO 12924 --- [nio-8090-exec-9] c.t.core.filter.RequestLoggingFilter     : tirmizee : 0:0:0:0:0:0:0:1 : After request [uri=/tirmizee/api/district/findByTerm;payload={"page":1,"_type":"query:append","size":10,"provinceId":74}]
2019-04-11 00:10:33.831  INFO 12924 --- [nio-8090-exec-8] c.t.core.filter.RequestLoggingFilter     : tirmizee : 0:0:0:0:0:0:0:1 : After request [uri=/tirmizee/api/user/get/2420]
2019-04-11 00:16:36.080  INFO 12924 --- [io-8090-exec-10] c.t.core.filter.RequestLoggingFilter     : tirmizee : 0:0:0:0:0:0:0:1 : After request [uri=/tirmizee/api/user/get/2415]
2019-04-11 00:23:18.367  INFO 12924 --- [MessageBroker-3] o.s.w.s.c.WebSocketMessageBrokerStats    : WebSocketSession[1 current WS(1)-HttpStream(0)-HttpPoll(0), 19 total, 0 closed abnormally (0 connect failure, 0 send limit, 0 transport error)], stompSubProtocol[processed CONNECT(19)-CONNECTED(19)-DISCONNECT(0)], stompBrokerRelay[null], inboundChannel[pool size = 0, active threads = 0, queued tasks = 0, completed tasks = 168], outboundChannelpool size = 8, active threads = 0, queued tasks = 0, completed tasks = 1851], sockJsScheduler[pool size = 4, active threads = 1, queued tasks = 2, completed tasks = 369]
2019-04-11 00:26:25.612  INFO 12924 --- [nio-8090-exec-1] c.t.core.filter.RequestLoggingFilter     : tirmizee : 0:0:0:0:0:0:0:1 : After request [uri=/tirmizee/api/user/get/2418]
2019-04-11 00:26:59.243  INFO 12924 --- [nio-8090-exec-9] c.t.core.filter.RequestLoggingFilter     : tirmizee : 0:0:0:0:0:0:0:1 : After request [uri=/tirmizee/manageuser]
2019-04-11 00:27:00.386  INFO 12924 --- [nio-8090-exec-8] c.t.core.filter.RequestLoggingFilter     : tirmizee : 0:0:0:0:0:0:0:1 : After request [uri=/tirmizee/api/user/page;payload={"draw":1,"columns":[{"data":null,"name":"","searchable":true,"orderable":false,"search":{"value":""]
2019-04-11 00:27:03.354  INFO 12924 --- [nio-8090-exec-4] c.t.core.filter.RequestLoggingFilter     : tirmizee : 0:0:0:0:0:0:0:1 : After request [uri=/tirmizee/api/user/get/2414]
2019-04-11 00:28:07.750  INFO 12924 --- [nio-8090-exec-3] c.t.core.filter.RequestLoggingFilter     : tirmizee : 0:0:0:0:0:0:0:1 : After request [uri=/tirmizee/manageuser]
2019-04-11 00:28:08.630  INFO 12924 --- [io-8090-exec-10] c.t.core.filter.RequestLoggingFilter     : tirmizee : 0:0:0:0:0:0:0:1 : After request [uri=/tirmizee/api/user/page;payload={"draw":1,"columns":[{"data":null,"name":"","searchable":true,"orderable":false,"search":{"value":""]
2019-04-11 00:28:15.435  INFO 12924 --- [nio-8090-exec-4] c.t.core.filter.RequestLoggingFilter     : tirmizee : 0:0:0:0:0:0:0:1 : After request [uri=/tirmizee/api/user/get/2414]
2019-04-11 00:28:33.304  INFO 12924 --- [nio-8090-exec-3] c.t.core.filter.RequestLoggingFilter     : tirmizee : 0:0:0:0:0:0:0:1 : After request [uri=/tirmizee/api/user/get/2417]
2019-04-11 00:32:22.437  INFO 12924 --- [nio-8090-exec-1] c.t.core.filter.RequestLoggingFilter     : tirmizee : 0:0:0:0:0:0:0:1 : After request [uri=/tirmizee/api/user/update/enabled;payload={"username":"snizeth4","status":true}]
2019-04-11 00:32:22.467  INFO 12924 --- [nio-8090-exec-4] c.t.core.filter.RequestLoggingFilter     : tirmizee : 0:0:0:0:0:0:0:1 : After request [uri=/tirmizee/api/user/page;payload={"draw":2,"columns":[{"data":null,"name":"","searchable":true,"orderable":false,"search":{"value":""]
2019-04-11 00:33:23.200  INFO 12924 --- [nio-8090-exec-8] c.t.core.filter.RequestLoggingFilter     : tirmizee : 0:0:0:0:0:0:0:1 : After request [uri=/tirmizee/api/user/update/enabled;payload={"username":"wwildingh1","status":true}]
2019-04-11 00:33:23.220  INFO 12924 --- [nio-8090-exec-6] c.t.core.filter.RequestLoggingFilter     : tirmizee : 0:0:0:0:0:0:0:1 : After request [uri=/tirmizee/api/user/page;payload={"draw":3,"columns":[{"data":null,"name":"","searchable":true,"orderable":false,"search":{"value":""]
2019-04-11 00:36:23.223  INFO 12924 --- [nio-8090-exec-5] c.t.core.filter.RequestLoggingFilter     : tirmizee : 0:0:0:0:0:0:0:1 : After request [uri=/tirmizee/api/user/update/accountnonexpired;payload={"username":"rreinerth2","status":false}]
2019-04-11 00:36:23.244  INFO 12924 --- [nio-8090-exec-1] c.t.core.filter.RequestLoggingFilter     : tirmizee : 0:0:0:0:0:0:0:1 : After request [uri=/tirmizee/api/user/page;payload={"draw":4,"columns":[{"data":null,"name":"","searchable":true,"orderable":false,"search":{"value":""]
2019-04-11 00:37:59.190  INFO 12924 --- [nio-8090-exec-3] c.t.core.filter.RequestLoggingFilter     : tirmizee : 0:0:0:0:0:0:0:1 : After request [uri=/tirmizee/]
2019-04-11 00:38:01.525  INFO 12924 --- [nio-8090-exec-6] c.t.core.filter.RequestLoggingFilter     : tirmizee : 0:0:0:0:0:0:0:1 : After request [uri=/tirmizee/passwordexpried]
2019-04-11 00:38:11.860  INFO 12924 --- [nio-8090-exec-6] c.t.core.filter.RequestLoggingFilter     : tirmizee : 0:0:0:0:0:0:0:1 : After request [uri=/tirmizee/api/user/password/expried;payload={"oldPassword":"tirmizee7","newPassword":"tirmizee","newPasswordConfirm":"tirmizee"}]
2019-04-11 00:38:13.925  INFO 12924 --- [nio-8090-exec-9] c.t.core.filter.RequestLoggingFilter     : tirmizee : 0:0:0:0:0:0:0:1 : After request [uri=/tirmizee/login]
2019-04-11 00:38:16.168  INFO 12924 --- [nio-8090-exec-7] c.t.core.filter.RequestLoggingFilter     : anonymousUser : 0:0:0:0:0:0:0:1 : After request [uri=/tirmizee/login?error=Username%20or%20Password%20invalid]
2019-04-11 00:38:21.099  INFO 12924 --- [nio-8090-exec-4] c.t.core.filter.RequestLoggingFilter     : tirmizee : 0:0:0:0:0:0:0:1 : After request [uri=/tirmizee/main]
2019-04-11 00:38:24.674  INFO 12924 --- [nio-8090-exec-2] c.t.core.filter.RequestLoggingFilter     : tirmizee : 0:0:0:0:0:0:0:1 : After request [uri=/tirmizee/manageuser]
2019-04-11 00:38:25.591  INFO 12924 --- [nio-8090-exec-6] c.t.core.filter.RequestLoggingFilter     : tirmizee : 0:0:0:0:0:0:0:1 : After request [uri=/tirmizee/api/user/page;payload={"draw":1,"columns":[{"data":null,"name":"","searchable":true,"orderable":false,"search":{"value":""]
2019-04-11 00:38:26.445  INFO 12924 --- [nio-8090-exec-4] c.t.core.filter.RequestLoggingFilter     : tirmizee : 0:0:0:0:0:0:0:1 : After request [uri=/tirmizee/api/user/get/5001]
2019-04-11 00:38:33.574  INFO 12924 --- [nio-8090-exec-7] c.t.core.filter.RequestLoggingFilter     : tirmizee : 0:0:0:0:0:0:0:1 : After request [uri=/tirmizee/manageuser]
2019-04-11 00:38:34.273  INFO 12924 --- [nio-8090-exec-6] c.t.core.filter.RequestLoggingFilter     : tirmizee : 0:0:0:0:0:0:0:1 : After request [uri=/tirmizee/api/user/page;payload={"draw":1,"columns":[{"data":null,"name":"","searchable":true,"orderable":false,"search":{"value":""]
2019-04-11 00:38:35.328  INFO 12924 --- [nio-8090-exec-9] c.t.core.filter.RequestLoggingFilter     : tirmizee : 0:0:0:0:0:0:0:1 : After request [uri=/tirmizee/api/user/get/5001]
2019-04-11 00:38:44.260  INFO 12924 --- [nio-8090-exec-1] c.t.core.filter.RequestLoggingFilter     : tirmizee : 0:0:0:0:0:0:0:1 : After request [uri=/tirmizee/manageuser]
2019-04-11 00:38:44.789  INFO 12924 --- [nio-8090-exec-3] c.t.core.filter.RequestLoggingFilter     : tirmizee : 0:0:0:0:0:0:0:1 : After request [uri=/tirmizee/api/user/page;payload={"draw":1,"columns":[{"data":null,"name":"","searchable":true,"orderable":false,"search":{"value":""]
2019-04-11 00:38:46.035  INFO 12924 --- [nio-8090-exec-8] c.t.core.filter.RequestLoggingFilter     : tirmizee : 0:0:0:0:0:0:0:1 : After request [uri=/tirmizee/api/user/get/2681]
2019-04-11 00:38:52.202  INFO 12924 --- [nio-8090-exec-9] c.t.core.filter.RequestLoggingFilter     : tirmizee : 0:0:0:0:0:0:0:1 : After request [uri=/tirmizee/api/user/get/2419]
2019-04-11 00:38:57.295  INFO 12924 --- [nio-8090-exec-6] c.t.core.filter.RequestLoggingFilter     : tirmizee : 0:0:0:0:0:0:0:1 : After request [uri=/tirmizee/api/user/get/2419]
2019-04-11 00:39:02.484  INFO 12924 --- [nio-8090-exec-3] c.t.core.filter.RequestLoggingFilter     : tirmizee : 0:0:0:0:0:0:0:1 : After request [uri=/tirmizee/api/user/get/2419]
2019-04-11 00:39:04.157  INFO 12924 --- [nio-8090-exec-1] c.t.core.filter.RequestLoggingFilter     : tirmizee : 0:0:0:0:0:0:0:1 : After request [uri=/tirmizee/manageuser]
2019-04-11 00:39:04.811  INFO 12924 --- [io-8090-exec-10] c.t.core.filter.RequestLoggingFilter     : tirmizee : 0:0:0:0:0:0:0:1 : After request [uri=/tirmizee/api/user/page;payload={"draw":1,"columns":[{"data":null,"name":"","searchable":true,"orderable":false,"search":{"value":""]
2019-04-11 00:39:50.095  INFO 12924 --- [nio-8090-exec-4] c.t.core.filter.RequestLoggingFilter     : tirmizee : 0:0:0:0:0:0:0:1 : After request [uri=/tirmizee/manageuser]
2019-04-11 00:39:50.957  INFO 12924 --- [nio-8090-exec-4] c.t.core.filter.RequestLoggingFilter     : tirmizee : 0:0:0:0:0:0:0:1 : After request [uri=/tirmizee/api/user/page;payload={"draw":1,"columns":[{"data":null,"name":"","searchable":true,"orderable":false,"search":{"value":""]
2019-04-11 00:39:53.134  INFO 12924 --- [nio-8090-exec-6] c.t.core.filter.RequestLoggingFilter     : tirmizee : 0:0:0:0:0:0:0:1 : After request [uri=/tirmizee/api/user/get/5001]
2019-04-11 00:40:13.699  INFO 12924 --- [nio-8090-exec-2] c.t.core.filter.RequestLoggingFilter     : tirmizee : 0:0:0:0:0:0:0:1 : After request [uri=/tirmizee/manageuser]
2019-04-11 00:40:14.712  INFO 12924 --- [nio-8090-exec-4] c.t.core.filter.RequestLoggingFilter     : tirmizee : 0:0:0:0:0:0:0:1 : After request [uri=/tirmizee/api/user/page;payload={"draw":1,"columns":[{"data":null,"name":"","searchable":true,"orderable":false,"search":{"value":""]
2019-04-11 00:40:15.730  INFO 12924 --- [nio-8090-exec-8] c.t.core.filter.RequestLoggingFilter     : tirmizee : 0:0:0:0:0:0:0:1 : After request [uri=/tirmizee/api/user/get/5001]
2019-04-11 00:41:18.111  INFO 12924 --- [io-8090-exec-10] c.t.core.filter.RequestLoggingFilter     : tirmizee : 0:0:0:0:0:0:0:1 : After request [uri=/tirmizee/manageuser]
2019-04-11 00:41:19.297  INFO 12924 --- [nio-8090-exec-7] c.t.core.filter.RequestLoggingFilter     : tirmizee : 0:0:0:0:0:0:0:1 : After request [uri=/tirmizee/api/user/page;payload={"draw":1,"columns":[{"data":null,"name":"","searchable":true,"orderable":false,"search":{"value":""]
2019-04-11 00:41:20.807  INFO 12924 --- [nio-8090-exec-9] c.t.core.filter.RequestLoggingFilter     : tirmizee : 0:0:0:0:0:0:0:1 : After request [uri=/tirmizee/api/user/get/5001]
2019-04-11 00:41:36.032  INFO 12924 --- [io-8090-exec-10] c.t.core.filter.RequestLoggingFilter     : tirmizee : 0:0:0:0:0:0:0:1 : After request [uri=/tirmizee/api/user/get/2416]
2019-04-11 00:41:41.798  INFO 12924 --- [nio-8090-exec-7] c.t.core.filter.RequestLoggingFilter     : tirmizee : 0:0:0:0:0:0:0:1 : After request [uri=/tirmizee/api/user/get/2415]
2019-04-11 00:48:30.063  INFO 12924 --- [nio-8090-exec-5] c.t.core.filter.RequestLoggingFilter     : tirmizee : 0:0:0:0:0:0:0:1 : After request [uri=/tirmizee/manageuser]
2019-04-11 00:48:30.674  INFO 12924 --- [nio-8090-exec-8] c.t.core.filter.RequestLoggingFilter     : tirmizee : 0:0:0:0:0:0:0:1 : After request [uri=/tirmizee/api/user/page;payload={"draw":1,"columns":[{"data":null,"name":"","searchable":true,"orderable":false,"search":{"value":""]
2019-04-11 00:48:32.605  INFO 12924 --- [nio-8090-exec-1] c.t.core.filter.RequestLoggingFilter     : tirmizee : 0:0:0:0:0:0:0:1 : After request [uri=/tirmizee/api/user/get/5001]
2019-04-11 00:48:38.759  INFO 12924 --- [nio-8090-exec-7] c.t.core.filter.RequestLoggingFilter     : tirmizee : 0:0:0:0:0:0:0:1 : After request [uri=/tirmizee/api/user/get/2417]
2019-04-11 00:51:10.911  INFO 12924 --- [nio-8090-exec-4] c.t.core.filter.RequestLoggingFilter     : tirmizee : 0:0:0:0:0:0:0:1 : After request [uri=/tirmizee/manageuser]
2019-04-11 00:51:11.650  INFO 12924 --- [nio-8090-exec-3] c.t.core.filter.RequestLoggingFilter     : tirmizee : 0:0:0:0:0:0:0:1 : After request [uri=/tirmizee/api/user/page;payload={"draw":1,"columns":[{"data":null,"name":"","searchable":true,"orderable":false,"search":{"value":""]
2019-04-11 00:51:13.342  INFO 12924 --- [nio-8090-exec-7] c.t.core.filter.RequestLoggingFilter     : tirmizee : 0:0:0:0:0:0:0:1 : After request [uri=/tirmizee/api/user/get/2415]
2019-04-11 00:51:44.797  INFO 12924 --- [nio-8090-exec-4] c.t.core.filter.RequestLoggingFilter     : tirmizee : 0:0:0:0:0:0:0:1 : After request [uri=/tirmizee/manageuser]
2019-04-11 00:51:45.400  INFO 12924 --- [nio-8090-exec-9] c.t.core.filter.RequestLoggingFilter     : tirmizee : 0:0:0:0:0:0:0:1 : After request [uri=/tirmizee/api/user/page;payload={"draw":1,"columns":[{"data":null,"name":"","searchable":true,"orderable":false,"search":{"value":""]
2019-04-11 00:51:46.624  INFO 12924 --- [nio-8090-exec-2] c.t.core.filter.RequestLoggingFilter     : tirmizee : 0:0:0:0:0:0:0:1 : After request [uri=/tirmizee/api/user/get/2414]
2019-04-11 00:51:59.891  INFO 12924 --- [nio-8090-exec-1] c.t.core.filter.RequestLoggingFilter     : tirmizee : 0:0:0:0:0:0:0:1 : After request [uri=/tirmizee/manageuser]
2019-04-11 00:52:00.712  INFO 12924 --- [nio-8090-exec-1] c.t.core.filter.RequestLoggingFilter     : tirmizee : 0:0:0:0:0:0:0:1 : After request [uri=/tirmizee/api/user/page;payload={"draw":1,"columns":[{"data":null,"name":"","searchable":true,"orderable":false,"search":{"value":""]
2019-04-11 00:52:01.885  INFO 12924 --- [nio-8090-exec-2] c.t.core.filter.RequestLoggingFilter     : tirmizee : 0:0:0:0:0:0:0:1 : After request [uri=/tirmizee/api/user/get/5001]
2019-04-11 00:52:11.100  INFO 12924 --- [nio-8090-exec-7] c.t.core.filter.RequestLoggingFilter     : tirmizee : 0:0:0:0:0:0:0:1 : After request [uri=/tirmizee/api/user/get/2414]
2019-04-11 00:52:34.570  INFO 12924 --- [io-8090-exec-10] c.t.core.filter.RequestLoggingFilter     : tirmizee : 0:0:0:0:0:0:0:1 : After request [uri=/tirmizee/api/user/get/2420]
2019-04-11 00:53:18.341  INFO 12924 --- [nio-8090-exec-1] c.t.core.filter.RequestLoggingFilter     : tirmizee : 0:0:0:0:0:0:0:1 : After request [uri=/tirmizee/manageuser]
2019-04-11 00:53:18.365  INFO 12924 --- [MessageBroker-1] o.s.w.s.c.WebSocketMessageBrokerStats    : WebSocketSession[0 current WS(0)-HttpStream(0)-HttpPoll(0), 33 total, 0 closed abnormally (0 connect failure, 0 send limit, 0 transport error)], stompSubProtocol[processed CONNECT(33)-CONNECTED(33)-DISCONNECT(0)], stompBrokerRelay[null], inboundChannel[pool size = 3, active threads = 0, queued tasks = 0, completed tasks = 297], outboundChannelpool size = 8, active threads = 0, queued tasks = 0, completed tasks = 3638], sockJsScheduler[pool size = 4, active threads = 1, queued tasks = 1, completed tasks = 730]
2019-04-11 00:53:19.157  INFO 12924 --- [nio-8090-exec-9] c.t.core.filter.RequestLoggingFilter     : tirmizee : 0:0:0:0:0:0:0:1 : After request [uri=/tirmizee/api/user/page;payload={"draw":1,"columns":[{"data":null,"name":"","searchable":true,"orderable":false,"search":{"value":""]
2019-04-11 00:53:20.095  INFO 12924 --- [nio-8090-exec-2] c.t.core.filter.RequestLoggingFilter     : tirmizee : 0:0:0:0:0:0:0:1 : After request [uri=/tirmizee/api/user/get/5001]
2019-04-11 00:53:32.156  INFO 12924 --- [nio-8090-exec-3] c.t.core.filter.RequestLoggingFilter     : tirmizee : 0:0:0:0:0:0:0:1 : After request [uri=/tirmizee/manageuser]
2019-04-11 00:53:33.371  INFO 12924 --- [nio-8090-exec-8] c.t.core.filter.RequestLoggingFilter     : tirmizee : 0:0:0:0:0:0:0:1 : After request [uri=/tirmizee/api/user/page;payload={"draw":1,"columns":[{"data":null,"name":"","searchable":true,"orderable":false,"search":{"value":""]
2019-04-11 00:53:34.553  INFO 12924 --- [nio-8090-exec-7] c.t.core.filter.RequestLoggingFilter     : tirmizee : 0:0:0:0:0:0:0:1 : After request [uri=/tirmizee/api/user/get/2421]
2019-04-11 00:54:18.614  INFO 12924 --- [nio-8090-exec-9] c.t.core.filter.RequestLoggingFilter     : tirmizee : 0:0:0:0:0:0:0:1 : After request [uri=/tirmizee/manageuser]
2019-04-11 00:54:19.824  INFO 12924 --- [nio-8090-exec-6] c.t.core.filter.RequestLoggingFilter     : tirmizee : 0:0:0:0:0:0:0:1 : After request [uri=/tirmizee/api/user/page;payload={"draw":1,"columns":[{"data":null,"name":"","searchable":true,"orderable":false,"search":{"value":""]
2019-04-11 00:54:20.809  INFO 12924 --- [io-8090-exec-10] c.t.core.filter.RequestLoggingFilter     : tirmizee : 0:0:0:0:0:0:0:1 : After request [uri=/tirmizee/api/user/get/2421]
2019-04-11 00:54:29.375  INFO 12924 --- [nio-8090-exec-2] c.t.core.filter.RequestLoggingFilter     : tirmizee : 0:0:0:0:0:0:0:1 : After request [uri=/tirmizee/api/user/get/2414]
2019-04-11 00:54:42.695  INFO 12924 --- [nio-8090-exec-9] c.t.core.filter.RequestLoggingFilter     : tirmizee : 0:0:0:0:0:0:0:1 : After request [uri=/tirmizee/api/user/get/5001]
2019-04-11 00:55:12.510  INFO 12924 --- [nio-8090-exec-6] c.t.core.filter.RequestLoggingFilter     : tirmizee : 0:0:0:0:0:0:0:1 : After request [uri=/tirmizee/report]
2019-04-11 00:55:13.730  INFO 12924 --- [nio-8090-exec-6] c.t.core.filter.RequestLoggingFilter     : tirmizee : 0:0:0:0:0:0:0:1 : After request [uri=/tirmizee/main]
2019-04-11 00:55:16.407  INFO 12924 --- [nio-8090-exec-2] c.t.core.filter.RequestLoggingFilter     : anonymousUser : 0:0:0:0:0:0:0:1 : After request [uri=/tirmizee/login?logout]
2019-04-11 00:55:18.076  INFO 12924 --- [nio-8090-exec-5] c.t.core.filter.RequestLoggingFilter     : tirmizee : 0:0:0:0:0:0:0:1 : After request [uri=/tirmizee/main]
2019-04-11 00:57:07.231  INFO 12924 --- [nio-8090-exec-4] c.t.core.filter.RequestLoggingFilter     : tirmizee : 0:0:0:0:0:0:0:1 : After request [uri=/tirmizee/log]
2019-04-11 00:57:08.107  INFO 12924 --- [io-8090-exec-10] c.t.core.filter.RequestLoggingFilter     : tirmizee : 0:0:0:0:0:0:0:1 : After request [uri=/tirmizee/api/log/all?_=1554919027707]
2019-04-11 00:57:09.471  INFO 12924 --- [nio-8090-exec-8] c.t.core.filter.RequestLoggingFilter     : tirmizee : 0:0:0:0:0:0:0:1 : After request [uri=/tirmizee/api/log/01-04-2019]
2019-04-11 00:57:16.032  INFO 12924 --- [nio-8090-exec-4] c.t.core.filter.RequestLoggingFilter     : tirmizee : 0:0:0:0:0:0:0:1 : After request [uri=/tirmizee/api/log/16-03-2019]
2019-04-11 00:57:29.602  INFO 12924 --- [nio-8090-exec-6] c.t.core.filter.RequestLoggingFilter     : tirmizee : 0:0:0:0:0:0:0:1 : After request [uri=/tirmizee/report]
2019-04-11 00:57:30.690  INFO 12924 --- [nio-8090-exec-2] c.t.core.filter.RequestLoggingFilter     : tirmizee : 0:0:0:0:0:0:0:1 : After request [uri=/tirmizee/main]
2019-04-11 00:57:32.987  INFO 12924 --- [nio-8090-exec-1] c.t.core.filter.RequestLoggingFilter     : tirmizee : 0:0:0:0:0:0:0:1 : After request [uri=/tirmizee/main?language=th]
2019-04-11 00:57:35.109  INFO 12924 --- [nio-8090-exec-1] c.t.core.filter.RequestLoggingFilter     : tirmizee : 0:0:0:0:0:0:0:1 : After request [uri=/tirmizee/main?language=en]
2019-04-11 00:57:44.874  INFO 12924 --- [nio-8090-exec-5] c.t.core.filter.RequestLoggingFilter     : tirmizee : 0:0:0:0:0:0:0:1 : After request [uri=/tirmizee/report]
2019-04-11 00:57:46.801  INFO 12924 --- [io-8090-exec-10] c.t.core.filter.RequestLoggingFilter     : tirmizee : 0:0:0:0:0:0:0:1 : After request [uri=/tirmizee/manageuser]
2019-04-11 00:57:47.393  INFO 12924 --- [nio-8090-exec-5] c.t.core.filter.RequestLoggingFilter     : tirmizee : 0:0:0:0:0:0:0:1 : After request [uri=/tirmizee/api/user/page;payload={"draw":1,"columns":[{"data":null,"name":"","searchable":true,"orderable":false,"search":{"value":""]
2019-04-11 00:57:49.576  INFO 12924 --- [nio-8090-exec-3] c.t.core.filter.RequestLoggingFilter     : tirmizee : 0:0:0:0:0:0:0:1 : After request [uri=/tirmizee/managesession]
2019-04-11 00:57:50.126  INFO 12924 --- [nio-8090-exec-2] c.t.core.filter.RequestLoggingFilter     : tirmizee : 0:0:0:0:0:0:0:1 : After request [uri=/tirmizee/api/session/alluserlogged]
2019-04-11 00:57:50.129  INFO 12924 --- [io-8090-exec-10] c.t.core.filter.RequestLoggingFilter     : tirmizee : 0:0:0:0:0:0:0:1 : After request [uri=/tirmizee/api/user/count]
2019-04-11 00:57:53.100  INFO 12924 --- [nio-8090-exec-4] c.t.core.filter.RequestLoggingFilter     : tirmizee : 0:0:0:0:0:0:0:1 : After request [uri=/tirmizee/api/session/alluserlogged]
2019-04-11 00:57:53.107  INFO 12924 --- [nio-8090-exec-4] c.t.core.filter.RequestLoggingFilter     : tirmizee : 0:0:0:0:0:0:0:1 : After request [uri=/tirmizee/api/user/count]
2019-04-11 00:57:54.461  INFO 12924 --- [nio-8090-exec-1] c.t.core.filter.RequestLoggingFilter     : tirmizee : 0:0:0:0:0:0:0:1 : After request [uri=/tirmizee/api/user/count]
2019-04-11 00:57:54.464  INFO 12924 --- [nio-8090-exec-9] c.t.core.filter.RequestLoggingFilter     : tirmizee : 0:0:0:0:0:0:0:1 : After request [uri=/tirmizee/api/session/alluserlogged]
2019-04-11 00:57:59.333  INFO 12924 --- [nio-8090-exec-3] c.t.core.filter.RequestLoggingFilter     : tirmizee : 0:0:0:0:0:0:0:1 : After request [uri=/tirmizee/api/session/alluserlogged]
2019-04-11 00:57:59.345  INFO 12924 --- [nio-8090-exec-3] c.t.core.filter.RequestLoggingFilter     : tirmizee : 0:0:0:0:0:0:0:1 : After request [uri=/tirmizee/api/user/count]
2019-04-11 01:07:40.403  INFO 12924 --- [nio-8090-exec-7] c.t.core.filter.RequestLoggingFilter     : tirmizee : 0:0:0:0:0:0:0:1 : After request [uri=/tirmizee/]
2019-04-11 01:07:42.514  INFO 12924 --- [nio-8090-exec-8] c.t.core.filter.RequestLoggingFilter     : tirmizee : 0:0:0:0:0:0:0:1 : After request [uri=/tirmizee/main]
2019-04-11 01:07:44.811  INFO 12924 --- [nio-8090-exec-9] c.t.core.filter.RequestLoggingFilter     : tirmizee : 0:0:0:0:0:0:0:1 : After request [uri=/tirmizee/manageuser]
2019-04-11 01:07:45.762  INFO 12924 --- [nio-8090-exec-9] c.t.core.filter.RequestLoggingFilter     : tirmizee : 0:0:0:0:0:0:0:1 : After request [uri=/tirmizee/api/user/page;payload={"draw":1,"columns":[{"data":null,"name":"","searchable":true,"orderable":false,"search":{"value":""]
2019-04-11 01:07:48.064  INFO 12924 --- [nio-8090-exec-4] c.t.core.filter.RequestLoggingFilter     : tirmizee : 0:0:0:0:0:0:0:1 : After request [uri=/tirmizee/manageuser?language=en]
2019-04-11 01:07:48.564  INFO 12924 --- [nio-8090-exec-9] c.t.core.filter.RequestLoggingFilter     : tirmizee : 0:0:0:0:0:0:0:1 : After request [uri=/tirmizee/api/user/page;payload={"draw":1,"columns":[{"data":null,"name":"","searchable":true,"orderable":false,"search":{"value":""]
2019-04-11 01:07:50.410  INFO 12924 --- [nio-8090-exec-1] c.t.core.filter.RequestLoggingFilter     : tirmizee : 0:0:0:0:0:0:0:1 : After request [uri=/tirmizee/manageuser?language=th]
2019-04-11 01:07:50.932  INFO 12924 --- [nio-8090-exec-7] c.t.core.filter.RequestLoggingFilter     : tirmizee : 0:0:0:0:0:0:0:1 : After request [uri=/tirmizee/api/user/page;payload={"draw":1,"columns":[{"data":null,"name":"","searchable":true,"orderable":false,"search":{"value":""]
2019-04-11 01:23:18.366  INFO 12924 --- [MessageBroker-2] o.s.w.s.c.WebSocketMessageBrokerStats    : WebSocketSession[1 current WS(1)-HttpStream(0)-HttpPoll(0), 51 total, 0 closed abnormally (0 connect failure, 0 send limit, 0 transport error)], stompSubProtocol[processed CONNECT(51)-CONNECTED(51)-DISCONNECT(0)], stompBrokerRelay[null], inboundChannel[pool size = 0, active threads = 0, queued tasks = 0, completed tasks = 456], outboundChannelpool size = 8, active threads = 0, queued tasks = 0, completed tasks = 5029], sockJsScheduler[pool size = 4, active threads = 1, queued tasks = 2, completed tasks = 1091]
